This file contains any messages produced by compilers while
running configure, to aid debugging if configure makes a mistake.

It was created by configure, which was
generated by GNU Autoconf 2.69.  Invocation command line was

  $ ./configure --cache-file=/Users/paul/Repos/ganglia/ganglia/ganglia-3.6.1/config.cache

## --------- ##
## Platform. ##
## --------- ##

hostname = pauls-MacBook-Pro.local
uname -m = x86_64
uname -r = 14.0.0
uname -s = Darwin
uname -v = Darwin Kernel Version 14.0.0: Fri Sep 19 00:26:44 PDT 2014; root:xnu-2782.1.97~2/RELEASE_X86_64

/usr/bin/uname -p = i386
/bin/uname -X     = unknown

/bin/arch              = unknown
/usr/bin/arch -k       = unknown
/usr/convex/getsysinfo = unknown
/usr/bin/hostinfo      = Mach kernel version:
	 Darwin Kernel Version 14.0.0: Fri Sep 19 00:26:44 PDT 2014; root:xnu-2782.1.97~2/RELEASE_X86_64
Kernel configured for up to 8 processors.
4 processors are physically available.
8 processors are logically available.
Processor type: x86_64h (Intel x86-64h Haswell)
Processors active: 0 1 2 3 4 5 6 7
Primary memory available: 16.00 gigabytes
Default processor set: 253 tasks, 1244 threads, 8 processors
Load average: 3.17, Mach factor: 4.81
/bin/machine           = unknown
/usr/bin/oslevel       = unknown
/bin/universe          = unknown

PATH: /Users/paul/.rbenv/shims
PATH: /Users/paul/.rbenv/bin
PATH: /usr/local/bin
PATH: /usr/bin
PATH: /bin
PATH: /usr/sbin
PATH: /sbin
PATH: /opt/X11/bin


## ----------- ##
## Core tests. ##
## ----------- ##

configure:2170: creating cache /Users/paul/Repos/ganglia/ganglia/ganglia-3.6.1/config.cache
configure:2291: checking for a BSD-compatible install
configure:2359: result: /usr/bin/install -c
configure:2370: checking whether build environment is sane
configure:2420: result: yes
configure:2561: checking for a thread-safe mkdir -p
configure:2600: result: build/install-sh -c -d
configure:2613: checking for gawk
configure:2643: result: no
configure:2613: checking for mawk
configure:2643: result: no
configure:2613: checking for nawk
configure:2643: result: no
configure:2613: checking for awk
configure:2629: found /usr/bin/awk
configure:2640: result: awk
configure:2651: checking whether make sets $(MAKE)
configure:2673: result: yes
configure:2758: checking build system type
configure:2772: result: x86_64-apple-darwin14.0.0
configure:2792: checking host system type
configure:2805: result: x86_64-apple-darwin14.0.0
configure:2875: checking for gcc
configure:2891: found /usr/bin/gcc
configure:2902: result: gcc
configure:3131: checking for C compiler version
configure:3140: gcc --version >&5
Apple LLVM version 6.0 (clang-600.0.56) (based on LLVM 3.5svn)
Target: x86_64-apple-darwin14.0.0
Thread model: posix
Configured with: --prefix=/Library/Developer/CommandLineTools/usr --with-gxx-include-dir=/usr/include/c++/4.2.1
configure:3151: $? = 0
configure:3140: gcc -v >&5
Configured with: --prefix=/Library/Developer/CommandLineTools/usr --with-gxx-include-dir=/usr/include/c++/4.2.1
Apple LLVM version 6.0 (clang-600.0.56) (based on LLVM 3.5svn)
Target: x86_64-apple-darwin14.0.0
Thread model: posix
configure:3151: $? = 0
configure:3140: gcc -V >&5
clang: error: argument to '-V' is missing (expected 1 value)
clang: error: no input files
configure:3151: $? = 1
configure:3140: gcc -qversion >&5
clang: error: unknown argument: '-qversion'
clang: error: no input files
configure:3151: $? = 1
configure:3171: checking whether the C compiler works
configure:3193: gcc    conftest.c  >&5
configure:3197: $? = 0
configure:3245: result: yes
configure:3248: checking for C compiler default output file name
configure:3250: result: a.out
configure:3256: checking for suffix of executables
configure:3263: gcc -o conftest    conftest.c  >&5
configure:3267: $? = 0
configure:3289: result: 
configure:3311: checking whether we are cross compiling
configure:3319: gcc -o conftest    conftest.c  >&5
configure:3323: $? = 0
configure:3330: ./conftest
configure:3334: $? = 0
configure:3349: result: no
configure:3354: checking for suffix of object files
configure:3376: gcc -c   conftest.c >&5
configure:3380: $? = 0
configure:3401: result: o
configure:3405: checking whether we are using the GNU C compiler
configure:3424: gcc -c   conftest.c >&5
configure:3424: $? = 0
configure:3433: result: yes
configure:3442: checking whether gcc accepts -g
configure:3462: gcc -c -g  conftest.c >&5
configure:3462: $? = 0
configure:3503: result: yes
configure:3520: checking for gcc option to accept ISO C89
configure:3583: gcc  -c -g -O2  conftest.c >&5
configure:3583: $? = 0
configure:3596: result: none needed
configure:3627: checking for style of include used by make
configure:3655: result: GNU
configure:3681: checking dependency style of gcc
configure:3792: result: gcc3
configure:3811: checking for gcc option to accept ISO C99
configure:3960: gcc  -c -g -O2  conftest.c >&5
configure:3960: $? = 0
configure:3973: result: none needed
configure:4081: checking for gcc option to accept ISO Standard C
configure:4092: result: none needed
configure:4145: checking how to print strings
configure:4172: result: printf
configure:4193: checking for a sed that does not truncate output
configure:4257: result: /usr/bin/sed
configure:4275: checking for grep that handles long lines and -e
configure:4333: result: /usr/bin/grep
configure:4338: checking for egrep
configure:4400: result: /usr/bin/grep -E
configure:4405: checking for fgrep
configure:4467: result: /usr/bin/grep -F
configure:4502: checking for ld used by gcc
configure:4569: result: /Library/Developer/CommandLineTools/usr/bin/ld
configure:4576: checking if the linker (/Library/Developer/CommandLineTools/usr/bin/ld) is GNU ld
configure:4591: result: no
configure:4603: checking for BSD- or MS-compatible name lister (nm)
configure:4652: result: /usr/bin/nm
configure:4782: checking the name lister (/usr/bin/nm) interface
configure:4789: gcc -c -g -O2  conftest.c >&5
configure:4792: /usr/bin/nm "conftest.o"
configure:4795: output
0000000000000238 S _some_variable
configure:4802: result: BSD nm
configure:4805: checking whether ln -s works
configure:4809: result: yes
configure:4817: checking the maximum length of command line arguments
configure:4947: result: 196608
configure:4964: checking whether the shell understands some XSI constructs
configure:4974: result: yes
configure:4978: checking whether the shell understands "+="
configure:4984: result: yes
configure:5019: checking how to convert x86_64-apple-darwin14.0.0 file names to x86_64-apple-darwin14.0.0 format
configure:5059: result: func_convert_file_noop
configure:5066: checking how to convert x86_64-apple-darwin14.0.0 file names to toolchain format
configure:5086: result: func_convert_file_noop
configure:5093: checking for /Library/Developer/CommandLineTools/usr/bin/ld option to reload object files
configure:5100: result: -r
configure:5174: checking for objdump
configure:5204: result: no
configure:5233: checking how to recognize dependent libraries
configure:5431: result: pass_all
configure:5516: checking for dlltool
configure:5546: result: no
configure:5576: checking how to associate runtime and link libraries
configure:5603: result: printf %s\n
configure:5664: checking for ar
configure:5680: found /usr/bin/ar
configure:5691: result: ar
configure:5728: checking for archiver @FILE support
configure:5745: gcc -c -g -O2  conftest.c >&5
configure:5745: $? = 0
configure:5748: ar cru libconftest.a @conftest.lst >&5
ar: @conftest.lst: No such file or directory
configure:5751: $? = 1
configure:5771: result: no
configure:5829: checking for strip
configure:5845: found /usr/bin/strip
configure:5856: result: strip
configure:5928: checking for ranlib
configure:5944: found /usr/bin/ranlib
configure:5955: result: ranlib
configure:6057: checking command to parse /usr/bin/nm output from gcc object
configure:6177: gcc -c -g -O2  conftest.c >&5
configure:6180: $? = 0
configure:6184: /usr/bin/nm conftest.o \| sed -n -e 's/^.*[ ]\([BCDEGRST][BCDEGRST]*\)[ ][ ]*\([_A-Za-z][_A-Za-z0-9]*\)$/\1 \2 \2/p' | sed '/ __gnu_lto/d' \> conftest.nm
configure:6187: $? = 0
cannot find nm_test_var in conftest.nm
configure:6177: gcc -c -g -O2  conftest.c >&5
configure:6180: $? = 0
configure:6184: /usr/bin/nm conftest.o \| sed -n -e 's/^.*[ ]\([BCDEGRST][BCDEGRST]*\)[ ][ ]*_\([_A-Za-z][_A-Za-z0-9]*\)$/\1 _\2 \2/p' | sed '/ __gnu_lto/d' \> conftest.nm
configure:6187: $? = 0
configure:6253: gcc -o conftest -g -O2   conftest.c conftstm.o >&5
configure:6256: $? = 0
configure:6294: result: ok
configure:6331: checking for sysroot
configure:6361: result: no
configure:6617: checking for mt
configure:6647: result: no
configure:6667: checking if : is a manifest tool
configure:6673: : '-?'
configure:6681: result: no
configure:6737: checking for dsymutil
configure:6753: found /usr/bin/dsymutil
configure:6764: result: dsymutil
configure:6829: checking for nmedit
configure:6845: found /usr/bin/nmedit
configure:6856: result: nmedit
configure:6921: checking for lipo
configure:6937: found /usr/bin/lipo
configure:6948: result: lipo
configure:7013: checking for otool
configure:7029: found /usr/bin/otool
configure:7040: result: otool
configure:7105: checking for otool64
configure:7135: result: no
configure:7180: checking for -single_module linker flag
gcc -g -O2  -o libconftest.dylib -dynamiclib -Wl,-single_module conftest.c
configure:7213: result: yes
configure:7216: checking for -exported_symbols_list linker flag
configure:7236: gcc -o conftest -g -O2   -Wl,-exported_symbols_list,conftest.sym conftest.c  >&5
configure:7236: $? = 0
configure:7246: result: yes
configure:7249: checking for -force_load linker flag
gcc -g -O2 -c -o conftest.o conftest.c
ar cru libconftest.a conftest.o
ranlib libconftest.a
gcc -g -O2  -o conftest conftest.c -Wl,-force_load,./libconftest.a
configure:7281: result: yes
configure:7323: checking how to run the C preprocessor
configure:7354: gcc -E  conftest.c
configure:7354: $? = 0
configure:7368: gcc -E  conftest.c
conftest.c:11:10: fatal error: 'ac_nonexistent.h' file not found
#include <ac_nonexistent.h>
         ^
1 error generated.
configure:7368: $? = 1
configure: failed program was:
| /* confdefs.h */
| #define PACKAGE_NAME ""
| #define PACKAGE_TARNAME ""
| #define PACKAGE_VERSION ""
| #define PACKAGE_STRING ""
| #define PACKAGE_BUGREPORT ""
| #define PACKAGE_URL ""
| #define PACKAGE "libmetrics"
| #define VERSION "201501061620"
| /* end confdefs.h.  */
| #include <ac_nonexistent.h>
configure:7393: result: gcc -E
configure:7413: gcc -E  conftest.c
configure:7413: $? = 0
configure:7427: gcc -E  conftest.c
conftest.c:11:10: fatal error: 'ac_nonexistent.h' file not found
#include <ac_nonexistent.h>
         ^
1 error generated.
configure:7427: $? = 1
configure: failed program was:
| /* confdefs.h */
| #define PACKAGE_NAME ""
| #define PACKAGE_TARNAME ""
| #define PACKAGE_VERSION ""
| #define PACKAGE_STRING ""
| #define PACKAGE_BUGREPORT ""
| #define PACKAGE_URL ""
| #define PACKAGE "libmetrics"
| #define VERSION "201501061620"
| /* end confdefs.h.  */
| #include <ac_nonexistent.h>
configure:7456: checking for ANSI C header files
configure:7476: gcc -c -g -O2  conftest.c >&5
configure:7476: $? = 0
configure:7549: gcc -o conftest -g -O2   conftest.c  >&5
configure:7549: $? = 0
configure:7549: ./conftest
configure:7549: $? = 0
configure:7560: result: yes
configure:7573: checking for sys/types.h
configure:7573: gcc -c -g -O2  conftest.c >&5
configure:7573: $? = 0
configure:7573: result: yes
configure:7573: checking for sys/stat.h
configure:7573: gcc -c -g -O2  conftest.c >&5
configure:7573: $? = 0
configure:7573: result: yes
configure:7573: checking for stdlib.h
configure:7573: gcc -c -g -O2  conftest.c >&5
configure:7573: $? = 0
configure:7573: result: yes
configure:7573: checking for string.h
configure:7573: gcc -c -g -O2  conftest.c >&5
configure:7573: $? = 0
configure:7573: result: yes
configure:7573: checking for memory.h
configure:7573: gcc -c -g -O2  conftest.c >&5
configure:7573: $? = 0
configure:7573: result: yes
configure:7573: checking for strings.h
configure:7573: gcc -c -g -O2  conftest.c >&5
configure:7573: $? = 0
configure:7573: result: yes
configure:7573: checking for inttypes.h
configure:7573: gcc -c -g -O2  conftest.c >&5
configure:7573: $? = 0
configure:7573: result: yes
configure:7573: checking for stdint.h
configure:7573: gcc -c -g -O2  conftest.c >&5
configure:7573: $? = 0
configure:7573: result: yes
configure:7573: checking for unistd.h
configure:7573: gcc -c -g -O2  conftest.c >&5
configure:7573: $? = 0
configure:7573: result: yes
configure:7587: checking for dlfcn.h
configure:7587: gcc -c -g -O2  conftest.c >&5
configure:7587: $? = 0
configure:7587: result: yes
configure:7793: checking for objdir
configure:7808: result: .libs
configure:8075: checking if gcc supports -fno-rtti -fno-exceptions
configure:8093: gcc -c -g -O2  -fno-rtti -fno-exceptions conftest.c >&5
configure:8097: $? = 0
configure:8110: result: yes
configure:8437: checking for gcc option to produce PIC
configure:8444: result: -fno-common -DPIC
configure:8452: checking if gcc PIC flag -fno-common -DPIC works
configure:8470: gcc -c -g -O2  -fno-common -DPIC -DPIC conftest.c >&5
configure:8474: $? = 0
configure:8487: result: yes
configure:8516: checking if gcc static flag -static works
configure:8544: result: no
configure:8559: checking if gcc supports -c -o file.o
configure:8580: gcc -c -g -O2  -o out/conftest2.o conftest.c >&5
configure:8584: $? = 0
configure:8606: result: yes
configure:8614: checking if gcc supports -c -o file.o
configure:8661: result: yes
configure:8694: checking whether the gcc linker (/Library/Developer/CommandLineTools/usr/bin/ld) supports shared libraries
configure:9851: result: yes
configure:10091: checking dynamic linker characteristics
configure:10825: result: darwin14.0.0 dyld
configure:10932: checking how to hardcode library paths into programs
configure:10957: result: immediate
configure:11497: checking whether stripping libraries is possible
configure:11511: result: yes
configure:11537: checking if libtool supports shared libraries
configure:11539: result: yes
configure:11542: checking whether to build shared libraries
configure:11563: result: yes
configure:11566: checking whether to build static libraries
configure:11570: result: yes
configure:11609: checking for kinfo_get_cpus in -lkinfo
configure:11634: gcc -o conftest -g -O2   conftest.c -lkinfo   >&5
ld: library not found for -lkinfo
clang: error: linker command failed with exit code 1 (use -v to see invocation)
configure:11634: $? = 1
configure: failed program was:
| /* confdefs.h */
| #define PACKAGE_NAME ""
| #define PACKAGE_TARNAME ""
| #define PACKAGE_VERSION ""
| #define PACKAGE_STRING ""
| #define PACKAGE_BUGREPORT ""
| #define PACKAGE_URL ""
| #define PACKAGE "libmetrics"
| #define VERSION "201501061620"
| #define STDC_HEADERS 1
| #define HAVE_SYS_TYPES_H 1
| #define HAVE_SYS_STAT_H 1
| #define HAVE_STDLIB_H 1
| #define HAVE_STRING_H 1
| #define HAVE_MEMORY_H 1
| #define HAVE_STRINGS_H 1
| #define HAVE_INTTYPES_H 1
| #define HAVE_STDINT_H 1
| #define HAVE_UNISTD_H 1
| #define HAVE_DLFCN_H 1
| #define LT_OBJDIR ".libs/"
| /* end confdefs.h.  */
| 
| /* Override any GCC internal prototype to avoid an error.
|    Use char because int might match the return type of a GCC
|    builtin and then its argument prototype would still apply.  */
| #ifdef __cplusplus
| extern "C"
| #endif
| char kinfo_get_cpus ();
| int
| main ()
| {
| return kinfo_get_cpus ();
|   ;
|   return 0;
| }
configure:11643: result: no
configure:11654: checking for kstat_open in -lkstat
configure:11679: gcc -o conftest -g -O2   conftest.c -lkstat   >&5
ld: library not found for -lkstat
clang: error: linker command failed with exit code 1 (use -v to see invocation)
configure:11679: $? = 1
configure: failed program was:
| /* confdefs.h */
| #define PACKAGE_NAME ""
| #define PACKAGE_TARNAME ""
| #define PACKAGE_VERSION ""
| #define PACKAGE_STRING ""
| #define PACKAGE_BUGREPORT ""
| #define PACKAGE_URL ""
| #define PACKAGE "libmetrics"
| #define VERSION "201501061620"
| #define STDC_HEADERS 1
| #define HAVE_SYS_TYPES_H 1
| #define HAVE_SYS_STAT_H 1
| #define HAVE_STDLIB_H 1
| #define HAVE_STRING_H 1
| #define HAVE_MEMORY_H 1
| #define HAVE_STRINGS_H 1
| #define HAVE_INTTYPES_H 1
| #define HAVE_STDINT_H 1
| #define HAVE_UNISTD_H 1
| #define HAVE_DLFCN_H 1
| #define LT_OBJDIR ".libs/"
| /* end confdefs.h.  */
| 
| /* Override any GCC internal prototype to avoid an error.
|    Use char because int might match the return type of a GCC
|    builtin and then its argument prototype would still apply.  */
| #ifdef __cplusplus
| extern "C"
| #endif
| char kstat_open ();
| int
| main ()
| {
| return kstat_open ();
|   ;
|   return 0;
| }
configure:11688: result: no
configure:11699: checking for kvm_open in -lkvm
configure:11724: gcc -o conftest -g -O2   conftest.c -lkvm   >&5
ld: library not found for -lkvm
clang: error: linker command failed with exit code 1 (use -v to see invocation)
configure:11724: $? = 1
configure: failed program was:
| /* confdefs.h */
| #define PACKAGE_NAME ""
| #define PACKAGE_TARNAME ""
| #define PACKAGE_VERSION ""
| #define PACKAGE_STRING ""
| #define PACKAGE_BUGREPORT ""
| #define PACKAGE_URL ""
| #define PACKAGE "libmetrics"
| #define VERSION "201501061620"
| #define STDC_HEADERS 1
| #define HAVE_SYS_TYPES_H 1
| #define HAVE_SYS_STAT_H 1
| #define HAVE_STDLIB_H 1
| #define HAVE_STRING_H 1
| #define HAVE_MEMORY_H 1
| #define HAVE_STRINGS_H 1
| #define HAVE_INTTYPES_H 1
| #define HAVE_STDINT_H 1
| #define HAVE_UNISTD_H 1
| #define HAVE_DLFCN_H 1
| #define LT_OBJDIR ".libs/"
| /* end confdefs.h.  */
| 
| /* Override any GCC internal prototype to avoid an error.
|    Use char because int might match the return type of a GCC
|    builtin and then its argument prototype would still apply.  */
| #ifdef __cplusplus
| extern "C"
| #endif
| char kvm_open ();
| int
| main ()
| {
| return kvm_open ();
|   ;
|   return 0;
| }
configure:11733: result: no
configure:11744: checking for odm_initialize in -lodm
configure:11769: gcc -o conftest -g -O2   conftest.c -lodm   >&5
ld: library not found for -lodm
clang: error: linker command failed with exit code 1 (use -v to see invocation)
configure:11769: $? = 1
configure: failed program was:
| /* confdefs.h */
| #define PACKAGE_NAME ""
| #define PACKAGE_TARNAME ""
| #define PACKAGE_VERSION ""
| #define PACKAGE_STRING ""
| #define PACKAGE_BUGREPORT ""
| #define PACKAGE_URL ""
| #define PACKAGE "libmetrics"
| #define VERSION "201501061620"
| #define STDC_HEADERS 1
| #define HAVE_SYS_TYPES_H 1
| #define HAVE_SYS_STAT_H 1
| #define HAVE_STDLIB_H 1
| #define HAVE_STRING_H 1
| #define HAVE_MEMORY_H 1
| #define HAVE_STRINGS_H 1
| #define HAVE_INTTYPES_H 1
| #define HAVE_STDINT_H 1
| #define HAVE_UNISTD_H 1
| #define HAVE_DLFCN_H 1
| #define LT_OBJDIR ".libs/"
| /* end confdefs.h.  */
| 
| /* Override any GCC internal prototype to avoid an error.
|    Use char because int might match the return type of a GCC
|    builtin and then its argument prototype would still apply.  */
| #ifdef __cplusplus
| extern "C"
| #endif
| char odm_initialize ();
| int
| main ()
| {
| return odm_initialize ();
|   ;
|   return 0;
| }
configure:11778: result: no
configure:11789: checking for _system_configuration in -lcfg
configure:11814: gcc -o conftest -g -O2   conftest.c -lcfg   >&5
ld: library not found for -lcfg
clang: error: linker command failed with exit code 1 (use -v to see invocation)
configure:11814: $? = 1
configure: failed program was:
| /* confdefs.h */
| #define PACKAGE_NAME ""
| #define PACKAGE_TARNAME ""
| #define PACKAGE_VERSION ""
| #define PACKAGE_STRING ""
| #define PACKAGE_BUGREPORT ""
| #define PACKAGE_URL ""
| #define PACKAGE "libmetrics"
| #define VERSION "201501061620"
| #define STDC_HEADERS 1
| #define HAVE_SYS_TYPES_H 1
| #define HAVE_SYS_STAT_H 1
| #define HAVE_STDLIB_H 1
| #define HAVE_STRING_H 1
| #define HAVE_MEMORY_H 1
| #define HAVE_STRINGS_H 1
| #define HAVE_INTTYPES_H 1
| #define HAVE_STDINT_H 1
| #define HAVE_UNISTD_H 1
| #define HAVE_DLFCN_H 1
| #define LT_OBJDIR ".libs/"
| /* end confdefs.h.  */
| 
| /* Override any GCC internal prototype to avoid an error.
|    Use char because int might match the return type of a GCC
|    builtin and then its argument prototype would still apply.  */
| #ifdef __cplusplus
| extern "C"
| #endif
| char _system_configuration ();
| int
| main ()
| {
| return _system_configuration ();
|   ;
|   return 0;
| }
configure:11823: result: no
configure:11834: checking for perfstat_cpu_total in -lperfstat
configure:11859: gcc -o conftest -g -O2   conftest.c -lperfstat   >&5
ld: library not found for -lperfstat
clang: error: linker command failed with exit code 1 (use -v to see invocation)
configure:11859: $? = 1
configure: failed program was:
| /* confdefs.h */
| #define PACKAGE_NAME ""
| #define PACKAGE_TARNAME ""
| #define PACKAGE_VERSION ""
| #define PACKAGE_STRING ""
| #define PACKAGE_BUGREPORT ""
| #define PACKAGE_URL ""
| #define PACKAGE "libmetrics"
| #define VERSION "201501061620"
| #define STDC_HEADERS 1
| #define HAVE_SYS_TYPES_H 1
| #define HAVE_SYS_STAT_H 1
| #define HAVE_STDLIB_H 1
| #define HAVE_STRING_H 1
| #define HAVE_MEMORY_H 1
| #define HAVE_STRINGS_H 1
| #define HAVE_INTTYPES_H 1
| #define HAVE_STDINT_H 1
| #define HAVE_UNISTD_H 1
| #define HAVE_DLFCN_H 1
| #define LT_OBJDIR ".libs/"
| /* end confdefs.h.  */
| 
| /* Override any GCC internal prototype to avoid an error.
|    Use char because int might match the return type of a GCC
|    builtin and then its argument prototype would still apply.  */
| #ifdef __cplusplus
| extern "C"
| #endif
| char perfstat_cpu_total ();
| int
| main ()
| {
| return perfstat_cpu_total ();
|   ;
|   return 0;
| }
configure:11868: result: no
configure:11879: checking for main in -lsocket
configure:11898: gcc -o conftest -g -O2   conftest.c -lsocket   >&5
ld: library not found for -lsocket
clang: error: linker command failed with exit code 1 (use -v to see invocation)
configure:11898: $? = 1
configure: failed program was:
| /* confdefs.h */
| #define PACKAGE_NAME ""
| #define PACKAGE_TARNAME ""
| #define PACKAGE_VERSION ""
| #define PACKAGE_STRING ""
| #define PACKAGE_BUGREPORT ""
| #define PACKAGE_URL ""
| #define PACKAGE "libmetrics"
| #define VERSION "201501061620"
| #define STDC_HEADERS 1
| #define HAVE_SYS_TYPES_H 1
| #define HAVE_SYS_STAT_H 1
| #define HAVE_STDLIB_H 1
| #define HAVE_STRING_H 1
| #define HAVE_MEMORY_H 1
| #define HAVE_STRINGS_H 1
| #define HAVE_INTTYPES_H 1
| #define HAVE_STDINT_H 1
| #define HAVE_UNISTD_H 1
| #define HAVE_DLFCN_H 1
| #define LT_OBJDIR ".libs/"
| /* end confdefs.h.  */
| 
| 
| int
| main ()
| {
| return main ();
|   ;
|   return 0;
| }
configure:11907: result: no
configure:11919: checking for main in -lresolv
configure:11938: gcc -o conftest -g -O2   conftest.c -lresolv   >&5
configure:11938: $? = 0
configure:11947: result: yes
configure:11959: checking for main in -lnsl
configure:11978: gcc -o conftest -g -O2   conftest.c -lnsl  -lresolv  >&5
ld: library not found for -lnsl
clang: error: linker command failed with exit code 1 (use -v to see invocation)
configure:11978: $? = 1
configure: failed program was:
| /* confdefs.h */
| #define PACKAGE_NAME ""
| #define PACKAGE_TARNAME ""
| #define PACKAGE_VERSION ""
| #define PACKAGE_STRING ""
| #define PACKAGE_BUGREPORT ""
| #define PACKAGE_URL ""
| #define PACKAGE "libmetrics"
| #define VERSION "201501061620"
| #define STDC_HEADERS 1
| #define HAVE_SYS_TYPES_H 1
| #define HAVE_SYS_STAT_H 1
| #define HAVE_STDLIB_H 1
| #define HAVE_STRING_H 1
| #define HAVE_MEMORY_H 1
| #define HAVE_STRINGS_H 1
| #define HAVE_INTTYPES_H 1
| #define HAVE_STDINT_H 1
| #define HAVE_UNISTD_H 1
| #define HAVE_DLFCN_H 1
| #define LT_OBJDIR ".libs/"
| #define HAVE_LIBRESOLV 1
| /* end confdefs.h.  */
| 
| 
| int
| main ()
| {
| return main ();
|   ;
|   return 0;
| }
configure:11987: result: no
configure:12004: checking for dirent.h that defines DIR
configure:12023: gcc -c -g -O2  conftest.c >&5
configure:12023: $? = 0
configure:12031: result: yes
configure:12044: checking for library containing opendir
configure:12075: gcc -o conftest -g -O2   conftest.c -lresolv  >&5
configure:12075: $? = 0
configure:12092: result: none required
configure:12159: checking for ANSI C header files
configure:12263: result: yes
configure:12274: checking fcntl.h usability
configure:12274: gcc -c -g -O2  conftest.c >&5
configure:12274: $? = 0
configure:12274: result: yes
configure:12274: checking fcntl.h presence
configure:12274: gcc -E  conftest.c
configure:12274: $? = 0
configure:12274: result: yes
configure:12274: checking for fcntl.h
configure:12274: result: yes
configure:12274: checking for inttypes.h
configure:12274: result: yes
configure:12274: checking limits.h usability
configure:12274: gcc -c -g -O2  conftest.c >&5
configure:12274: $? = 0
configure:12274: result: yes
configure:12274: checking limits.h presence
configure:12274: gcc -E  conftest.c
configure:12274: $? = 0
configure:12274: result: yes
configure:12274: checking for limits.h
configure:12274: result: yes
configure:12274: checking nlist.h usability
configure:12274: gcc -c -g -O2  conftest.c >&5
configure:12274: $? = 0
configure:12274: result: yes
configure:12274: checking nlist.h presence
configure:12274: gcc -E  conftest.c
configure:12274: $? = 0
configure:12274: result: yes
configure:12274: checking for nlist.h
configure:12274: result: yes
configure:12274: checking paths.h usability
configure:12274: gcc -c -g -O2  conftest.c >&5
configure:12274: $? = 0
configure:12274: result: yes
configure:12274: checking paths.h presence
configure:12274: gcc -E  conftest.c
configure:12274: $? = 0
configure:12274: result: yes
configure:12274: checking for paths.h
configure:12274: result: yes
configure:12274: checking for stdlib.h
configure:12274: result: yes
configure:12274: checking for strings.h
configure:12274: result: yes
configure:12274: checking sys/filsys.h usability
configure:12274: gcc -c -g -O2  conftest.c >&5
conftest.c:66:10: fatal error: 'sys/filsys.h' file not found
#include <sys/filsys.h>
         ^
1 error generated.
configure:12274: $? = 1
configure: failed program was:
| /* confdefs.h */
| #define PACKAGE_NAME ""
| #define PACKAGE_TARNAME ""
| #define PACKAGE_VERSION ""
| #define PACKAGE_STRING ""
| #define PACKAGE_BUGREPORT ""
| #define PACKAGE_URL ""
| #define PACKAGE "libmetrics"
| #define VERSION "201501061620"
| #define STDC_HEADERS 1
| #define HAVE_SYS_TYPES_H 1
| #define HAVE_SYS_STAT_H 1
| #define HAVE_STDLIB_H 1
| #define HAVE_STRING_H 1
| #define HAVE_MEMORY_H 1
| #define HAVE_STRINGS_H 1
| #define HAVE_INTTYPES_H 1
| #define HAVE_STDINT_H 1
| #define HAVE_UNISTD_H 1
| #define HAVE_DLFCN_H 1
| #define LT_OBJDIR ".libs/"
| #define HAVE_LIBRESOLV 1
| #define HAVE_DIRENT_H 1
| #define STDC_HEADERS 1
| #define HAVE_FCNTL_H 1
| #define HAVE_INTTYPES_H 1
| #define HAVE_LIMITS_H 1
| #define HAVE_NLIST_H 1
| #define HAVE_PATHS_H 1
| #define HAVE_STDLIB_H 1
| #define HAVE_STRINGS_H 1
| /* end confdefs.h.  */
| #include <stdio.h>
| #ifdef HAVE_SYS_TYPES_H
| # include <sys/types.h>
| #endif
| #ifdef HAVE_SYS_STAT_H
| # include <sys/stat.h>
| #endif
| #ifdef STDC_HEADERS
| # include <stdlib.h>
| # include <stddef.h>
| #else
| # ifdef HAVE_STDLIB_H
| #  include <stdlib.h>
| # endif
| #endif
| #ifdef HAVE_STRING_H
| # if !defined STDC_HEADERS && defined HAVE_MEMORY_H
| #  include <memory.h>
| # endif
| # include <string.h>
| #endif
| #ifdef HAVE_STRINGS_H
| # include <strings.h>
| #endif
| #ifdef HAVE_INTTYPES_H
| # include <inttypes.h>
| #endif
| #ifdef HAVE_STDINT_H
| # include <stdint.h>
| #endif
| #ifdef HAVE_UNISTD_H
| # include <unistd.h>
| #endif
| #include <sys/filsys.h>
configure:12274: result: no
configure:12274: checking sys/filsys.h presence
configure:12274: gcc -E  conftest.c
conftest.c:33:10: fatal error: 'sys/filsys.h' file not found
#include <sys/filsys.h>
         ^
1 error generated.
configure:12274: $? = 1
configure: failed program was:
| /* confdefs.h */
| #define PACKAGE_NAME ""
| #define PACKAGE_TARNAME ""
| #define PACKAGE_VERSION ""
| #define PACKAGE_STRING ""
| #define PACKAGE_BUGREPORT ""
| #define PACKAGE_URL ""
| #define PACKAGE "libmetrics"
| #define VERSION "201501061620"
| #define STDC_HEADERS 1
| #define HAVE_SYS_TYPES_H 1
| #define HAVE_SYS_STAT_H 1
| #define HAVE_STDLIB_H 1
| #define HAVE_STRING_H 1
| #define HAVE_MEMORY_H 1
| #define HAVE_STRINGS_H 1
| #define HAVE_INTTYPES_H 1
| #define HAVE_STDINT_H 1
| #define HAVE_UNISTD_H 1
| #define HAVE_DLFCN_H 1
| #define LT_OBJDIR ".libs/"
| #define HAVE_LIBRESOLV 1
| #define HAVE_DIRENT_H 1
| #define STDC_HEADERS 1
| #define HAVE_FCNTL_H 1
| #define HAVE_INTTYPES_H 1
| #define HAVE_LIMITS_H 1
| #define HAVE_NLIST_H 1
| #define HAVE_PATHS_H 1
| #define HAVE_STDLIB_H 1
| #define HAVE_STRINGS_H 1
| /* end confdefs.h.  */
| #include <sys/filsys.h>
configure:12274: result: no
configure:12274: checking for sys/filsys.h
configure:12274: result: no
configure:12274: checking sys/fs/s5param.h usability
configure:12274: gcc -c -g -O2  conftest.c >&5
conftest.c:66:10: fatal error: 'sys/fs/s5param.h' file not found
#include <sys/fs/s5param.h>
         ^
1 error generated.
configure:12274: $? = 1
configure: failed program was:
| /* confdefs.h */
| #define PACKAGE_NAME ""
| #define PACKAGE_TARNAME ""
| #define PACKAGE_VERSION ""
| #define PACKAGE_STRING ""
| #define PACKAGE_BUGREPORT ""
| #define PACKAGE_URL ""
| #define PACKAGE "libmetrics"
| #define VERSION "201501061620"
| #define STDC_HEADERS 1
| #define HAVE_SYS_TYPES_H 1
| #define HAVE_SYS_STAT_H 1
| #define HAVE_STDLIB_H 1
| #define HAVE_STRING_H 1
| #define HAVE_MEMORY_H 1
| #define HAVE_STRINGS_H 1
| #define HAVE_INTTYPES_H 1
| #define HAVE_STDINT_H 1
| #define HAVE_UNISTD_H 1
| #define HAVE_DLFCN_H 1
| #define LT_OBJDIR ".libs/"
| #define HAVE_LIBRESOLV 1
| #define HAVE_DIRENT_H 1
| #define STDC_HEADERS 1
| #define HAVE_FCNTL_H 1
| #define HAVE_INTTYPES_H 1
| #define HAVE_LIMITS_H 1
| #define HAVE_NLIST_H 1
| #define HAVE_PATHS_H 1
| #define HAVE_STDLIB_H 1
| #define HAVE_STRINGS_H 1
| /* end confdefs.h.  */
| #include <stdio.h>
| #ifdef HAVE_SYS_TYPES_H
| # include <sys/types.h>
| #endif
| #ifdef HAVE_SYS_STAT_H
| # include <sys/stat.h>
| #endif
| #ifdef STDC_HEADERS
| # include <stdlib.h>
| # include <stddef.h>
| #else
| # ifdef HAVE_STDLIB_H
| #  include <stdlib.h>
| # endif
| #endif
| #ifdef HAVE_STRING_H
| # if !defined STDC_HEADERS && defined HAVE_MEMORY_H
| #  include <memory.h>
| # endif
| # include <string.h>
| #endif
| #ifdef HAVE_STRINGS_H
| # include <strings.h>
| #endif
| #ifdef HAVE_INTTYPES_H
| # include <inttypes.h>
| #endif
| #ifdef HAVE_STDINT_H
| # include <stdint.h>
| #endif
| #ifdef HAVE_UNISTD_H
| # include <unistd.h>
| #endif
| #include <sys/fs/s5param.h>
configure:12274: result: no
configure:12274: checking sys/fs/s5param.h presence
configure:12274: gcc -E  conftest.c
conftest.c:33:10: fatal error: 'sys/fs/s5param.h' file not found
#include <sys/fs/s5param.h>
         ^
1 error generated.
configure:12274: $? = 1
configure: failed program was:
| /* confdefs.h */
| #define PACKAGE_NAME ""
| #define PACKAGE_TARNAME ""
| #define PACKAGE_VERSION ""
| #define PACKAGE_STRING ""
| #define PACKAGE_BUGREPORT ""
| #define PACKAGE_URL ""
| #define PACKAGE "libmetrics"
| #define VERSION "201501061620"
| #define STDC_HEADERS 1
| #define HAVE_SYS_TYPES_H 1
| #define HAVE_SYS_STAT_H 1
| #define HAVE_STDLIB_H 1
| #define HAVE_STRING_H 1
| #define HAVE_MEMORY_H 1
| #define HAVE_STRINGS_H 1
| #define HAVE_INTTYPES_H 1
| #define HAVE_STDINT_H 1
| #define HAVE_UNISTD_H 1
| #define HAVE_DLFCN_H 1
| #define LT_OBJDIR ".libs/"
| #define HAVE_LIBRESOLV 1
| #define HAVE_DIRENT_H 1
| #define STDC_HEADERS 1
| #define HAVE_FCNTL_H 1
| #define HAVE_INTTYPES_H 1
| #define HAVE_LIMITS_H 1
| #define HAVE_NLIST_H 1
| #define HAVE_PATHS_H 1
| #define HAVE_STDLIB_H 1
| #define HAVE_STRINGS_H 1
| /* end confdefs.h.  */
| #include <sys/fs/s5param.h>
configure:12274: result: no
configure:12274: checking for sys/fs/s5param.h
configure:12274: result: no
configure:12274: checking sys/mount.h usability
configure:12274: gcc -c -g -O2  conftest.c >&5
configure:12274: $? = 0
configure:12274: result: yes
configure:12274: checking sys/mount.h presence
configure:12274: gcc -E  conftest.c
configure:12274: $? = 0
configure:12274: result: yes
configure:12274: checking for sys/mount.h
configure:12274: result: yes
configure:12274: checking sys/param.h usability
configure:12274: gcc -c -g -O2  conftest.c >&5
configure:12274: $? = 0
configure:12274: result: yes
configure:12274: checking sys/param.h presence
configure:12274: gcc -E  conftest.c
configure:12274: $? = 0
configure:12274: result: yes
configure:12274: checking for sys/param.h
configure:12274: result: yes
configure:12274: checking sys/socket.h usability
configure:12274: gcc -c -g -O2  conftest.c >&5
configure:12274: $? = 0
configure:12274: result: yes
configure:12274: checking sys/socket.h presence
configure:12274: gcc -E  conftest.c
configure:12274: $? = 0
configure:12274: result: yes
configure:12274: checking for sys/socket.h
configure:12274: result: yes
configure:12274: checking sys/statfs.h usability
configure:12274: gcc -c -g -O2  conftest.c >&5
conftest.c:69:10: fatal error: 'sys/statfs.h' file not found
#include <sys/statfs.h>
         ^
1 error generated.
configure:12274: $? = 1
configure: failed program was:
| /* confdefs.h */
| #define PACKAGE_NAME ""
| #define PACKAGE_TARNAME ""
| #define PACKAGE_VERSION ""
| #define PACKAGE_STRING ""
| #define PACKAGE_BUGREPORT ""
| #define PACKAGE_URL ""
| #define PACKAGE "libmetrics"
| #define VERSION "201501061620"
| #define STDC_HEADERS 1
| #define HAVE_SYS_TYPES_H 1
| #define HAVE_SYS_STAT_H 1
| #define HAVE_STDLIB_H 1
| #define HAVE_STRING_H 1
| #define HAVE_MEMORY_H 1
| #define HAVE_STRINGS_H 1
| #define HAVE_INTTYPES_H 1
| #define HAVE_STDINT_H 1
| #define HAVE_UNISTD_H 1
| #define HAVE_DLFCN_H 1
| #define LT_OBJDIR ".libs/"
| #define HAVE_LIBRESOLV 1
| #define HAVE_DIRENT_H 1
| #define STDC_HEADERS 1
| #define HAVE_FCNTL_H 1
| #define HAVE_INTTYPES_H 1
| #define HAVE_LIMITS_H 1
| #define HAVE_NLIST_H 1
| #define HAVE_PATHS_H 1
| #define HAVE_STDLIB_H 1
| #define HAVE_STRINGS_H 1
| #define HAVE_SYS_MOUNT_H 1
| #define HAVE_SYS_PARAM_H 1
| #define HAVE_SYS_SOCKET_H 1
| /* end confdefs.h.  */
| #include <stdio.h>
| #ifdef HAVE_SYS_TYPES_H
| # include <sys/types.h>
| #endif
| #ifdef HAVE_SYS_STAT_H
| # include <sys/stat.h>
| #endif
| #ifdef STDC_HEADERS
| # include <stdlib.h>
| # include <stddef.h>
| #else
| # ifdef HAVE_STDLIB_H
| #  include <stdlib.h>
| # endif
| #endif
| #ifdef HAVE_STRING_H
| # if !defined STDC_HEADERS && defined HAVE_MEMORY_H
| #  include <memory.h>
| # endif
| # include <string.h>
| #endif
| #ifdef HAVE_STRINGS_H
| # include <strings.h>
| #endif
| #ifdef HAVE_INTTYPES_H
| # include <inttypes.h>
| #endif
| #ifdef HAVE_STDINT_H
| # include <stdint.h>
| #endif
| #ifdef HAVE_UNISTD_H
| # include <unistd.h>
| #endif
| #include <sys/statfs.h>
configure:12274: result: no
configure:12274: checking sys/statfs.h presence
configure:12274: gcc -E  conftest.c
conftest.c:36:10: fatal error: 'sys/statfs.h' file not found
#include <sys/statfs.h>
         ^
1 error generated.
configure:12274: $? = 1
configure: failed program was:
| /* confdefs.h */
| #define PACKAGE_NAME ""
| #define PACKAGE_TARNAME ""
| #define PACKAGE_VERSION ""
| #define PACKAGE_STRING ""
| #define PACKAGE_BUGREPORT ""
| #define PACKAGE_URL ""
| #define PACKAGE "libmetrics"
| #define VERSION "201501061620"
| #define STDC_HEADERS 1
| #define HAVE_SYS_TYPES_H 1
| #define HAVE_SYS_STAT_H 1
| #define HAVE_STDLIB_H 1
| #define HAVE_STRING_H 1
| #define HAVE_MEMORY_H 1
| #define HAVE_STRINGS_H 1
| #define HAVE_INTTYPES_H 1
| #define HAVE_STDINT_H 1
| #define HAVE_UNISTD_H 1
| #define HAVE_DLFCN_H 1
| #define LT_OBJDIR ".libs/"
| #define HAVE_LIBRESOLV 1
| #define HAVE_DIRENT_H 1
| #define STDC_HEADERS 1
| #define HAVE_FCNTL_H 1
| #define HAVE_INTTYPES_H 1
| #define HAVE_LIMITS_H 1
| #define HAVE_NLIST_H 1
| #define HAVE_PATHS_H 1
| #define HAVE_STDLIB_H 1
| #define HAVE_STRINGS_H 1
| #define HAVE_SYS_MOUNT_H 1
| #define HAVE_SYS_PARAM_H 1
| #define HAVE_SYS_SOCKET_H 1
| /* end confdefs.h.  */
| #include <sys/statfs.h>
configure:12274: result: no
configure:12274: checking for sys/statfs.h
configure:12274: result: no
configure:12274: checking sys/statvfs.h usability
configure:12274: gcc -c -g -O2  conftest.c >&5
configure:12274: $? = 0
configure:12274: result: yes
configure:12274: checking sys/statvfs.h presence
configure:12274: gcc -E  conftest.c
configure:12274: $? = 0
configure:12274: result: yes
configure:12274: checking for sys/statvfs.h
configure:12274: result: yes
configure:12274: checking sys/systeminfo.h usability
configure:12274: gcc -c -g -O2  conftest.c >&5
conftest.c:70:10: fatal error: 'sys/systeminfo.h' file not found
#include <sys/systeminfo.h>
         ^
1 error generated.
configure:12274: $? = 1
configure: failed program was:
| /* confdefs.h */
| #define PACKAGE_NAME ""
| #define PACKAGE_TARNAME ""
| #define PACKAGE_VERSION ""
| #define PACKAGE_STRING ""
| #define PACKAGE_BUGREPORT ""
| #define PACKAGE_URL ""
| #define PACKAGE "libmetrics"
| #define VERSION "201501061620"
| #define STDC_HEADERS 1
| #define HAVE_SYS_TYPES_H 1
| #define HAVE_SYS_STAT_H 1
| #define HAVE_STDLIB_H 1
| #define HAVE_STRING_H 1
| #define HAVE_MEMORY_H 1
| #define HAVE_STRINGS_H 1
| #define HAVE_INTTYPES_H 1
| #define HAVE_STDINT_H 1
| #define HAVE_UNISTD_H 1
| #define HAVE_DLFCN_H 1
| #define LT_OBJDIR ".libs/"
| #define HAVE_LIBRESOLV 1
| #define HAVE_DIRENT_H 1
| #define STDC_HEADERS 1
| #define HAVE_FCNTL_H 1
| #define HAVE_INTTYPES_H 1
| #define HAVE_LIMITS_H 1
| #define HAVE_NLIST_H 1
| #define HAVE_PATHS_H 1
| #define HAVE_STDLIB_H 1
| #define HAVE_STRINGS_H 1
| #define HAVE_SYS_MOUNT_H 1
| #define HAVE_SYS_PARAM_H 1
| #define HAVE_SYS_SOCKET_H 1
| #define HAVE_SYS_STATVFS_H 1
| /* end confdefs.h.  */
| #include <stdio.h>
| #ifdef HAVE_SYS_TYPES_H
| # include <sys/types.h>
| #endif
| #ifdef HAVE_SYS_STAT_H
| # include <sys/stat.h>
| #endif
| #ifdef STDC_HEADERS
| # include <stdlib.h>
| # include <stddef.h>
| #else
| # ifdef HAVE_STDLIB_H
| #  include <stdlib.h>
| # endif
| #endif
| #ifdef HAVE_STRING_H
| # if !defined STDC_HEADERS && defined HAVE_MEMORY_H
| #  include <memory.h>
| # endif
| # include <string.h>
| #endif
| #ifdef HAVE_STRINGS_H
| # include <strings.h>
| #endif
| #ifdef HAVE_INTTYPES_H
| # include <inttypes.h>
| #endif
| #ifdef HAVE_STDINT_H
| # include <stdint.h>
| #endif
| #ifdef HAVE_UNISTD_H
| # include <unistd.h>
| #endif
| #include <sys/systeminfo.h>
configure:12274: result: no
configure:12274: checking sys/systeminfo.h presence
configure:12274: gcc -E  conftest.c
conftest.c:37:10: fatal error: 'sys/systeminfo.h' file not found
#include <sys/systeminfo.h>
         ^
1 error generated.
configure:12274: $? = 1
configure: failed program was:
| /* confdefs.h */
| #define PACKAGE_NAME ""
| #define PACKAGE_TARNAME ""
| #define PACKAGE_VERSION ""
| #define PACKAGE_STRING ""
| #define PACKAGE_BUGREPORT ""
| #define PACKAGE_URL ""
| #define PACKAGE "libmetrics"
| #define VERSION "201501061620"
| #define STDC_HEADERS 1
| #define HAVE_SYS_TYPES_H 1
| #define HAVE_SYS_STAT_H 1
| #define HAVE_STDLIB_H 1
| #define HAVE_STRING_H 1
| #define HAVE_MEMORY_H 1
| #define HAVE_STRINGS_H 1
| #define HAVE_INTTYPES_H 1
| #define HAVE_STDINT_H 1
| #define HAVE_UNISTD_H 1
| #define HAVE_DLFCN_H 1
| #define LT_OBJDIR ".libs/"
| #define HAVE_LIBRESOLV 1
| #define HAVE_DIRENT_H 1
| #define STDC_HEADERS 1
| #define HAVE_FCNTL_H 1
| #define HAVE_INTTYPES_H 1
| #define HAVE_LIMITS_H 1
| #define HAVE_NLIST_H 1
| #define HAVE_PATHS_H 1
| #define HAVE_STDLIB_H 1
| #define HAVE_STRINGS_H 1
| #define HAVE_SYS_MOUNT_H 1
| #define HAVE_SYS_PARAM_H 1
| #define HAVE_SYS_SOCKET_H 1
| #define HAVE_SYS_STATVFS_H 1
| /* end confdefs.h.  */
| #include <sys/systeminfo.h>
configure:12274: result: no
configure:12274: checking for sys/systeminfo.h
configure:12274: result: no
configure:12274: checking sys/time.h usability
configure:12274: gcc -c -g -O2  conftest.c >&5
configure:12274: $? = 0
configure:12274: result: yes
configure:12274: checking sys/time.h presence
configure:12274: gcc -E  conftest.c
configure:12274: $? = 0
configure:12274: result: yes
configure:12274: checking for sys/time.h
configure:12274: result: yes
configure:12274: checking sys/vfs.h usability
configure:12274: gcc -c -g -O2  conftest.c >&5
conftest.c:71:10: fatal error: 'sys/vfs.h' file not found
#include <sys/vfs.h>
         ^
1 error generated.
configure:12274: $? = 1
configure: failed program was:
| /* confdefs.h */
| #define PACKAGE_NAME ""
| #define PACKAGE_TARNAME ""
| #define PACKAGE_VERSION ""
| #define PACKAGE_STRING ""
| #define PACKAGE_BUGREPORT ""
| #define PACKAGE_URL ""
| #define PACKAGE "libmetrics"
| #define VERSION "201501061620"
| #define STDC_HEADERS 1
| #define HAVE_SYS_TYPES_H 1
| #define HAVE_SYS_STAT_H 1
| #define HAVE_STDLIB_H 1
| #define HAVE_STRING_H 1
| #define HAVE_MEMORY_H 1
| #define HAVE_STRINGS_H 1
| #define HAVE_INTTYPES_H 1
| #define HAVE_STDINT_H 1
| #define HAVE_UNISTD_H 1
| #define HAVE_DLFCN_H 1
| #define LT_OBJDIR ".libs/"
| #define HAVE_LIBRESOLV 1
| #define HAVE_DIRENT_H 1
| #define STDC_HEADERS 1
| #define HAVE_FCNTL_H 1
| #define HAVE_INTTYPES_H 1
| #define HAVE_LIMITS_H 1
| #define HAVE_NLIST_H 1
| #define HAVE_PATHS_H 1
| #define HAVE_STDLIB_H 1
| #define HAVE_STRINGS_H 1
| #define HAVE_SYS_MOUNT_H 1
| #define HAVE_SYS_PARAM_H 1
| #define HAVE_SYS_SOCKET_H 1
| #define HAVE_SYS_STATVFS_H 1
| #define HAVE_SYS_TIME_H 1
| /* end confdefs.h.  */
| #include <stdio.h>
| #ifdef HAVE_SYS_TYPES_H
| # include <sys/types.h>
| #endif
| #ifdef HAVE_SYS_STAT_H
| # include <sys/stat.h>
| #endif
| #ifdef STDC_HEADERS
| # include <stdlib.h>
| # include <stddef.h>
| #else
| # ifdef HAVE_STDLIB_H
| #  include <stdlib.h>
| # endif
| #endif
| #ifdef HAVE_STRING_H
| # if !defined STDC_HEADERS && defined HAVE_MEMORY_H
| #  include <memory.h>
| # endif
| # include <string.h>
| #endif
| #ifdef HAVE_STRINGS_H
| # include <strings.h>
| #endif
| #ifdef HAVE_INTTYPES_H
| # include <inttypes.h>
| #endif
| #ifdef HAVE_STDINT_H
| # include <stdint.h>
| #endif
| #ifdef HAVE_UNISTD_H
| # include <unistd.h>
| #endif
| #include <sys/vfs.h>
configure:12274: result: no
configure:12274: checking sys/vfs.h presence
configure:12274: gcc -E  conftest.c
conftest.c:38:10: fatal error: 'sys/vfs.h' file not found
#include <sys/vfs.h>
         ^
1 error generated.
configure:12274: $? = 1
configure: failed program was:
| /* confdefs.h */
| #define PACKAGE_NAME ""
| #define PACKAGE_TARNAME ""
| #define PACKAGE_VERSION ""
| #define PACKAGE_STRING ""
| #define PACKAGE_BUGREPORT ""
| #define PACKAGE_URL ""
| #define PACKAGE "libmetrics"
| #define VERSION "201501061620"
| #define STDC_HEADERS 1
| #define HAVE_SYS_TYPES_H 1
| #define HAVE_SYS_STAT_H 1
| #define HAVE_STDLIB_H 1
| #define HAVE_STRING_H 1
| #define HAVE_MEMORY_H 1
| #define HAVE_STRINGS_H 1
| #define HAVE_INTTYPES_H 1
| #define HAVE_STDINT_H 1
| #define HAVE_UNISTD_H 1
| #define HAVE_DLFCN_H 1
| #define LT_OBJDIR ".libs/"
| #define HAVE_LIBRESOLV 1
| #define HAVE_DIRENT_H 1
| #define STDC_HEADERS 1
| #define HAVE_FCNTL_H 1
| #define HAVE_INTTYPES_H 1
| #define HAVE_LIMITS_H 1
| #define HAVE_NLIST_H 1
| #define HAVE_PATHS_H 1
| #define HAVE_STDLIB_H 1
| #define HAVE_STRINGS_H 1
| #define HAVE_SYS_MOUNT_H 1
| #define HAVE_SYS_PARAM_H 1
| #define HAVE_SYS_SOCKET_H 1
| #define HAVE_SYS_STATVFS_H 1
| #define HAVE_SYS_TIME_H 1
| /* end confdefs.h.  */
| #include <sys/vfs.h>
configure:12274: result: no
configure:12274: checking for sys/vfs.h
configure:12274: result: no
configure:12274: checking for unistd.h
configure:12274: result: yes
configure:12274: checking utmp.h usability
configure:12274: gcc -c -g -O2  conftest.c >&5
configure:12274: $? = 0
configure:12274: result: yes
configure:12274: checking utmp.h presence
configure:12274: gcc -E  conftest.c
configure:12274: $? = 0
configure:12274: result: yes
configure:12274: checking for utmp.h
configure:12274: result: yes
configure:12274: checking sys/sockio.h usability
configure:12274: gcc -c -g -O2  conftest.c >&5
configure:12274: $? = 0
configure:12274: result: yes
configure:12274: checking sys/sockio.h presence
configure:12274: gcc -E  conftest.c
configure:12274: $? = 0
configure:12274: result: yes
configure:12274: checking for sys/sockio.h
configure:12274: result: yes
configure:12287: checking if sockaddr{} has sa_len member
configure:12305: gcc -c -g -O2  conftest.c >&5
configure:12305: $? = 0
configure:12312: result: yes
configure:12320: checking for an ANSI C-conforming const
configure:12386: gcc -c -g -O2  conftest.c >&5
configure:12386: $? = 0
configure:12393: result: yes
configure:12401: checking for off_t
configure:12401: gcc -c -g -O2  conftest.c >&5
configure:12401: $? = 0
configure:12401: gcc -c -g -O2  conftest.c >&5
conftest.c:78:20: error: expected expression
if (sizeof ((off_t)))
                   ^
1 error generated.
configure:12401: $? = 1
configure: failed program was:
| /* confdefs.h */
| #define PACKAGE_NAME ""
| #define PACKAGE_TARNAME ""
| #define PACKAGE_VERSION ""
| #define PACKAGE_STRING ""
| #define PACKAGE_BUGREPORT ""
| #define PACKAGE_URL ""
| #define PACKAGE "libmetrics"
| #define VERSION "201501061620"
| #define STDC_HEADERS 1
| #define HAVE_SYS_TYPES_H 1
| #define HAVE_SYS_STAT_H 1
| #define HAVE_STDLIB_H 1
| #define HAVE_STRING_H 1
| #define HAVE_MEMORY_H 1
| #define HAVE_STRINGS_H 1
| #define HAVE_INTTYPES_H 1
| #define HAVE_STDINT_H 1
| #define HAVE_UNISTD_H 1
| #define HAVE_DLFCN_H 1
| #define LT_OBJDIR ".libs/"
| #define HAVE_LIBRESOLV 1
| #define HAVE_DIRENT_H 1
| #define STDC_HEADERS 1
| #define HAVE_FCNTL_H 1
| #define HAVE_INTTYPES_H 1
| #define HAVE_LIMITS_H 1
| #define HAVE_NLIST_H 1
| #define HAVE_PATHS_H 1
| #define HAVE_STDLIB_H 1
| #define HAVE_STRINGS_H 1
| #define HAVE_SYS_MOUNT_H 1
| #define HAVE_SYS_PARAM_H 1
| #define HAVE_SYS_SOCKET_H 1
| #define HAVE_SYS_STATVFS_H 1
| #define HAVE_SYS_TIME_H 1
| #define HAVE_UNISTD_H 1
| #define HAVE_UTMP_H 1
| #define HAVE_SYS_SOCKIO_H 1
| #define HAVE_SOCKADDR_SA_LEN 1
| /* end confdefs.h.  */
| #include <stdio.h>
| #ifdef HAVE_SYS_TYPES_H
| # include <sys/types.h>
| #endif
| #ifdef HAVE_SYS_STAT_H
| # include <sys/stat.h>
| #endif
| #ifdef STDC_HEADERS
| # include <stdlib.h>
| # include <stddef.h>
| #else
| # ifdef HAVE_STDLIB_H
| #  include <stdlib.h>
| # endif
| #endif
| #ifdef HAVE_STRING_H
| # if !defined STDC_HEADERS && defined HAVE_MEMORY_H
| #  include <memory.h>
| # endif
| # include <string.h>
| #endif
| #ifdef HAVE_STRINGS_H
| # include <strings.h>
| #endif
| #ifdef HAVE_INTTYPES_H
| # include <inttypes.h>
| #endif
| #ifdef HAVE_STDINT_H
| # include <stdint.h>
| #endif
| #ifdef HAVE_UNISTD_H
| # include <unistd.h>
| #endif
| int
| main ()
| {
| if (sizeof ((off_t)))
| 	    return 0;
|   ;
|   return 0;
| }
configure:12401: result: yes
configure:12412: checking for pid_t
configure:12412: gcc -c -g -O2  conftest.c >&5
configure:12412: $? = 0
configure:12412: gcc -c -g -O2  conftest.c >&5
conftest.c:78:20: error: expected expression
if (sizeof ((pid_t)))
                   ^
1 error generated.
configure:12412: $? = 1
configure: failed program was:
| /* confdefs.h */
| #define PACKAGE_NAME ""
| #define PACKAGE_TARNAME ""
| #define PACKAGE_VERSION ""
| #define PACKAGE_STRING ""
| #define PACKAGE_BUGREPORT ""
| #define PACKAGE_URL ""
| #define PACKAGE "libmetrics"
| #define VERSION "201501061620"
| #define STDC_HEADERS 1
| #define HAVE_SYS_TYPES_H 1
| #define HAVE_SYS_STAT_H 1
| #define HAVE_STDLIB_H 1
| #define HAVE_STRING_H 1
| #define HAVE_MEMORY_H 1
| #define HAVE_STRINGS_H 1
| #define HAVE_INTTYPES_H 1
| #define HAVE_STDINT_H 1
| #define HAVE_UNISTD_H 1
| #define HAVE_DLFCN_H 1
| #define LT_OBJDIR ".libs/"
| #define HAVE_LIBRESOLV 1
| #define HAVE_DIRENT_H 1
| #define STDC_HEADERS 1
| #define HAVE_FCNTL_H 1
| #define HAVE_INTTYPES_H 1
| #define HAVE_LIMITS_H 1
| #define HAVE_NLIST_H 1
| #define HAVE_PATHS_H 1
| #define HAVE_STDLIB_H 1
| #define HAVE_STRINGS_H 1
| #define HAVE_SYS_MOUNT_H 1
| #define HAVE_SYS_PARAM_H 1
| #define HAVE_SYS_SOCKET_H 1
| #define HAVE_SYS_STATVFS_H 1
| #define HAVE_SYS_TIME_H 1
| #define HAVE_UNISTD_H 1
| #define HAVE_UTMP_H 1
| #define HAVE_SYS_SOCKIO_H 1
| #define HAVE_SOCKADDR_SA_LEN 1
| /* end confdefs.h.  */
| #include <stdio.h>
| #ifdef HAVE_SYS_TYPES_H
| # include <sys/types.h>
| #endif
| #ifdef HAVE_SYS_STAT_H
| # include <sys/stat.h>
| #endif
| #ifdef STDC_HEADERS
| # include <stdlib.h>
| # include <stddef.h>
| #else
| # ifdef HAVE_STDLIB_H
| #  include <stdlib.h>
| # endif
| #endif
| #ifdef HAVE_STRING_H
| # if !defined STDC_HEADERS && defined HAVE_MEMORY_H
| #  include <memory.h>
| # endif
| # include <string.h>
| #endif
| #ifdef HAVE_STRINGS_H
| # include <strings.h>
| #endif
| #ifdef HAVE_INTTYPES_H
| # include <inttypes.h>
| #endif
| #ifdef HAVE_STDINT_H
| # include <stdint.h>
| #endif
| #ifdef HAVE_UNISTD_H
| # include <unistd.h>
| #endif
| int
| main ()
| {
| if (sizeof ((pid_t)))
| 	    return 0;
|   ;
|   return 0;
| }
configure:12412: result: yes
configure:12423: checking for size_t
configure:12423: gcc -c -g -O2  conftest.c >&5
configure:12423: $? = 0
configure:12423: gcc -c -g -O2  conftest.c >&5
conftest.c:78:21: error: expected expression
if (sizeof ((size_t)))
                    ^
1 error generated.
configure:12423: $? = 1
configure: failed program was:
| /* confdefs.h */
| #define PACKAGE_NAME ""
| #define PACKAGE_TARNAME ""
| #define PACKAGE_VERSION ""
| #define PACKAGE_STRING ""
| #define PACKAGE_BUGREPORT ""
| #define PACKAGE_URL ""
| #define PACKAGE "libmetrics"
| #define VERSION "201501061620"
| #define STDC_HEADERS 1
| #define HAVE_SYS_TYPES_H 1
| #define HAVE_SYS_STAT_H 1
| #define HAVE_STDLIB_H 1
| #define HAVE_STRING_H 1
| #define HAVE_MEMORY_H 1
| #define HAVE_STRINGS_H 1
| #define HAVE_INTTYPES_H 1
| #define HAVE_STDINT_H 1
| #define HAVE_UNISTD_H 1
| #define HAVE_DLFCN_H 1
| #define LT_OBJDIR ".libs/"
| #define HAVE_LIBRESOLV 1
| #define HAVE_DIRENT_H 1
| #define STDC_HEADERS 1
| #define HAVE_FCNTL_H 1
| #define HAVE_INTTYPES_H 1
| #define HAVE_LIMITS_H 1
| #define HAVE_NLIST_H 1
| #define HAVE_PATHS_H 1
| #define HAVE_STDLIB_H 1
| #define HAVE_STRINGS_H 1
| #define HAVE_SYS_MOUNT_H 1
| #define HAVE_SYS_PARAM_H 1
| #define HAVE_SYS_SOCKET_H 1
| #define HAVE_SYS_STATVFS_H 1
| #define HAVE_SYS_TIME_H 1
| #define HAVE_UNISTD_H 1
| #define HAVE_UTMP_H 1
| #define HAVE_SYS_SOCKIO_H 1
| #define HAVE_SOCKADDR_SA_LEN 1
| /* end confdefs.h.  */
| #include <stdio.h>
| #ifdef HAVE_SYS_TYPES_H
| # include <sys/types.h>
| #endif
| #ifdef HAVE_SYS_STAT_H
| # include <sys/stat.h>
| #endif
| #ifdef STDC_HEADERS
| # include <stdlib.h>
| # include <stddef.h>
| #else
| # ifdef HAVE_STDLIB_H
| #  include <stdlib.h>
| # endif
| #endif
| #ifdef HAVE_STRING_H
| # if !defined STDC_HEADERS && defined HAVE_MEMORY_H
| #  include <memory.h>
| # endif
| # include <string.h>
| #endif
| #ifdef HAVE_STRINGS_H
| # include <strings.h>
| #endif
| #ifdef HAVE_INTTYPES_H
| # include <inttypes.h>
| #endif
| #ifdef HAVE_STDINT_H
| # include <stdint.h>
| #endif
| #ifdef HAVE_UNISTD_H
| # include <unistd.h>
| #endif
| int
| main ()
| {
| if (sizeof ((size_t)))
| 	    return 0;
|   ;
|   return 0;
| }
configure:12423: result: yes
configure:12434: checking whether time.h and sys/time.h may both be included
configure:12454: gcc -c -g -O2  conftest.c >&5
configure:12454: $? = 0
configure:12461: result: yes
configure:12470: checking if uchar_t defined
configure:12562: gcc -c -g -O2  conftest.c >&5
conftest.c:123:2: error: unknown type name 'uchar_t'; did you mean 'wchar_t'?
 uchar_t foo
 ^~~~~~~
 wchar_t
/usr/include/sys/_types/_wchar_t.h:33:26: note: 'wchar_t' declared here
typedef __darwin_wchar_t wchar_t;
                         ^
1 error generated.
configure:12562: $? = 1
configure: failed program was:
| /* confdefs.h */
| #define PACKAGE_NAME ""
| #define PACKAGE_TARNAME ""
| #define PACKAGE_VERSION ""
| #define PACKAGE_STRING ""
| #define PACKAGE_BUGREPORT ""
| #define PACKAGE_URL ""
| #define PACKAGE "libmetrics"
| #define VERSION "201501061620"
| #define STDC_HEADERS 1
| #define HAVE_SYS_TYPES_H 1
| #define HAVE_SYS_STAT_H 1
| #define HAVE_STDLIB_H 1
| #define HAVE_STRING_H 1
| #define HAVE_MEMORY_H 1
| #define HAVE_STRINGS_H 1
| #define HAVE_INTTYPES_H 1
| #define HAVE_STDINT_H 1
| #define HAVE_UNISTD_H 1
| #define HAVE_DLFCN_H 1
| #define LT_OBJDIR ".libs/"
| #define HAVE_LIBRESOLV 1
| #define HAVE_DIRENT_H 1
| #define STDC_HEADERS 1
| #define HAVE_FCNTL_H 1
| #define HAVE_INTTYPES_H 1
| #define HAVE_LIMITS_H 1
| #define HAVE_NLIST_H 1
| #define HAVE_PATHS_H 1
| #define HAVE_STDLIB_H 1
| #define HAVE_STRINGS_H 1
| #define HAVE_SYS_MOUNT_H 1
| #define HAVE_SYS_PARAM_H 1
| #define HAVE_SYS_SOCKET_H 1
| #define HAVE_SYS_STATVFS_H 1
| #define HAVE_SYS_TIME_H 1
| #define HAVE_UNISTD_H 1
| #define HAVE_UTMP_H 1
| #define HAVE_SYS_SOCKIO_H 1
| #define HAVE_SOCKADDR_SA_LEN 1
| #define TIME_WITH_SYS_TIME 1
| /* end confdefs.h.  */
| 
| #include        "confdefs.h"    /* the header built by configure so far */
| #ifdef HAVE_STDINT_H
| #  include      <stdint.h>
| #endif
| #ifdef  HAVE_INTTYPES_H
| #  include      <inttypes.h>
| #endif
| #ifdef  HAVE_SYS_TYPES_H
| #  include      <sys/types.h>
| #endif
| #ifdef  HAVE_SYS_SOCKET_H
| #  include      <sys/socket.h>
| #endif
| #ifdef  HAVE_SYS_TIME_H
| #  include    <sys/time.h>
| #endif
| #ifdef  HAVE_NETINET_IN_H
| #  include    <netinet/in.h>
| #endif
| #ifdef  HAVE_ARPA_INET_H
| #  include    <arpa/inet.h>
| #endif
| #ifdef  HAVE_ERRNO_H
| #  include    <errno.h>
| #endif
| #ifdef  HAVE_FCNTL_H
| #  include    <fcntl.h>
| #endif
| #ifdef  HAVE_NETDB_H
| #  include      <netdb.h>
| #endif
| #ifdef  HAVE_SIGNAL_H
| #  include      <signal.h>
| #endif
| #ifdef  HAVE_STDIO_H
| #  include      <stdio.h>
| #endif
| #ifdef  HAVE_STDLIB_H
| #  include      <stdlib.h>
| #endif
| #ifdef  HAVE_STRING_H
| #  include      <string.h>
| #endif
| #ifdef  HAVE_SYS_STAT_H
| #  include      <sys/stat.h>
| #endif
| #ifdef  HAVE_SYS_UIO_H
| #  include      <sys/uio.h>
| #endif
| #ifdef  HAVE_UNISTD_H
| #  include      <unistd.h>
| #endif
| #ifdef  HAVE_SYS_WAIT_H
| #  include      <sys/wait.h>
| #endif
| #ifdef  HAVE_SYS_UN_H
| #  include      <sys/un.h>
| #endif
| #ifdef  HAVE_SYS_SELECT_H
| # include   <sys/select.h>
| #endif
| #ifdef  HAVE_STRINGS_H
| # include   <strings.h>
| #endif
| #ifdef  HAVE_SYS_IOCTL_H
| # include   <sys/ioctl.h>
| #endif
| #ifdef  HAVE_SYS_FILIO_H
| # include   <sys/filio.h>
| #endif
| #ifdef  HAVE_SYS_SOCKIO_H
| # include   <sys/sockio.h>
| #endif
| #ifdef  HAVE_PTHREAD_H
| #  include      <pthread.h>
| #endif
| int
| main ()
| {
|  uchar_t foo
|   ;
|   return 0;
| }
configure:12570: result: no
configure:12578: checking if int8_t defined
configure:12670: gcc -c -g -O2  conftest.c >&5
configure:12670: $? = 0
configure:12678: result: yes
configure:12686: checking if uint8_t defined
configure:12778: gcc -c -g -O2  conftest.c >&5
configure:12778: $? = 0
configure:12786: result: yes
configure:12794: checking if int16_t defined
configure:12886: gcc -c -g -O2  conftest.c >&5
configure:12886: $? = 0
configure:12894: result: yes
configure:12902: checking if uint16_t defined
configure:12994: gcc -c -g -O2  conftest.c >&5
configure:12994: $? = 0
configure:13002: result: yes
configure:13010: checking if int32_t defined
configure:13102: gcc -c -g -O2  conftest.c >&5
configure:13102: $? = 0
configure:13110: result: yes
configure:13118: checking if uint32_t defined
configure:13210: gcc -c -g -O2  conftest.c >&5
configure:13210: $? = 0
configure:13218: result: yes
configure:13226: checking if size_t defined
configure:13326: result: yes
configure:13334: checking if ssize_t defined
configure:13426: gcc -c -g -O2  conftest.c >&5
configure:13426: $? = 0
configure:13434: result: yes
configure:13442: checking if socklen_t defined
configure:13534: gcc -c -g -O2  conftest.c >&5
configure:13534: $? = 0
configure:13542: result: yes
configure:13552: checking whether closedir returns void
configure:13576: gcc -o conftest -g -O2   conftest.c -lresolv  >&5
configure:13576: $? = 0
configure:13576: ./conftest
configure:13576: $? = 0
configure:13586: result: no
configure:13595: checking whether gcc needs -traditional
conftest.c:44:10: fatal error: 'termio.h' file not found
#include <termio.h>
         ^
1 error generated.
configure:13629: result: no
configure:13638: checking for stdlib.h
configure:13638: result: yes
configure:13648: checking for GNU libc compatible malloc
configure:13672: gcc -o conftest -g -O2   conftest.c -lresolv  >&5
configure:13672: $? = 0
configure:13672: ./conftest
configure:13672: $? = 0
configure:13682: result: yes
configure:13705: checking for stdlib.h
configure:13705: result: yes
configure:13715: checking for GNU libc compatible realloc
configure:13739: gcc -o conftest -g -O2   conftest.c -lresolv  >&5
configure:13739: $? = 0
configure:13739: ./conftest
configure:13739: $? = 0
configure:13749: result: yes
configure:13770: checking whether lstat correctly handles trailing slash
configure:13796: gcc -o conftest -g -O2   conftest.c -lresolv  >&5
configure:13796: $? = 0
configure:13796: ./conftest
configure:13796: $? = 1
configure: program exited with status 1
configure: failed program was:
| /* confdefs.h */
| #define PACKAGE_NAME ""
| #define PACKAGE_TARNAME ""
| #define PACKAGE_VERSION ""
| #define PACKAGE_STRING ""
| #define PACKAGE_BUGREPORT ""
| #define PACKAGE_URL ""
| #define PACKAGE "libmetrics"
| #define VERSION "201501061620"
| #define STDC_HEADERS 1
| #define HAVE_SYS_TYPES_H 1
| #define HAVE_SYS_STAT_H 1
| #define HAVE_STDLIB_H 1
| #define HAVE_STRING_H 1
| #define HAVE_MEMORY_H 1
| #define HAVE_STRINGS_H 1
| #define HAVE_INTTYPES_H 1
| #define HAVE_STDINT_H 1
| #define HAVE_UNISTD_H 1
| #define HAVE_DLFCN_H 1
| #define LT_OBJDIR ".libs/"
| #define HAVE_LIBRESOLV 1
| #define HAVE_DIRENT_H 1
| #define STDC_HEADERS 1
| #define HAVE_FCNTL_H 1
| #define HAVE_INTTYPES_H 1
| #define HAVE_LIMITS_H 1
| #define HAVE_NLIST_H 1
| #define HAVE_PATHS_H 1
| #define HAVE_STDLIB_H 1
| #define HAVE_STRINGS_H 1
| #define HAVE_SYS_MOUNT_H 1
| #define HAVE_SYS_PARAM_H 1
| #define HAVE_SYS_SOCKET_H 1
| #define HAVE_SYS_STATVFS_H 1
| #define HAVE_SYS_TIME_H 1
| #define HAVE_UNISTD_H 1
| #define HAVE_UTMP_H 1
| #define HAVE_SYS_SOCKIO_H 1
| #define HAVE_SOCKADDR_SA_LEN 1
| #define TIME_WITH_SYS_TIME 1
| #define uchar_t unsigned char
| #define HAVE_STDLIB_H 1
| #define HAVE_MALLOC 1
| #define HAVE_STDLIB_H 1
| #define HAVE_REALLOC 1
| /* end confdefs.h.  */
| #include <stdio.h>
| #ifdef HAVE_SYS_TYPES_H
| # include <sys/types.h>
| #endif
| #ifdef HAVE_SYS_STAT_H
| # include <sys/stat.h>
| #endif
| #ifdef STDC_HEADERS
| # include <stdlib.h>
| # include <stddef.h>
| #else
| # ifdef HAVE_STDLIB_H
| #  include <stdlib.h>
| # endif
| #endif
| #ifdef HAVE_STRING_H
| # if !defined STDC_HEADERS && defined HAVE_MEMORY_H
| #  include <memory.h>
| # endif
| # include <string.h>
| #endif
| #ifdef HAVE_STRINGS_H
| # include <strings.h>
| #endif
| #ifdef HAVE_INTTYPES_H
| # include <inttypes.h>
| #endif
| #ifdef HAVE_STDINT_H
| # include <stdint.h>
| #endif
| #ifdef HAVE_UNISTD_H
| # include <unistd.h>
| #endif
| int
| main ()
| {
| struct stat sbuf;
|      /* Linux will dereference the symlink and fail, as required by POSIX.
| 	That is better in the sense that it means we will not
| 	have to compile and use the lstat wrapper.  */
|      return lstat ("conftest.sym/", &sbuf) == 0;
|   ;
|   return 0;
| }
configure:13813: result: no
configure:13832: checking whether stat accepts an empty string
configure:13852: gcc -o conftest -g -O2   conftest.c -lresolv  >&5
configure:13852: $? = 0
configure:13852: ./conftest
configure:13852: $? = 0
configure:13862: result: no
configure:13878: checking for working strtod
configure:13919: gcc -o conftest -g -O2   conftest.c -lresolv  >&5
configure:13919: $? = 0
configure:13919: ./conftest
configure:13919: $? = 0
configure:13929: result: yes
configure:13994: checking for getmntinfo
configure:13994: gcc -o conftest -g -O2   conftest.c -lresolv  >&5
configure:13994: $? = 0
configure:13994: result: yes
configure:13994: checking for getpagesize
configure:13994: gcc -o conftest -g -O2   conftest.c -lresolv  >&5
configure:13994: $? = 0
configure:13994: result: yes
configure:13994: checking for gettimeofday
configure:13994: gcc -o conftest -g -O2   conftest.c -lresolv  >&5
configure:13994: $? = 0
configure:13994: result: yes
configure:13994: checking for memset
configure:13994: gcc -o conftest -g -O2   conftest.c -lresolv  >&5
conftest.c:74:6: warning: incompatible redeclaration of library function 'memset' [-Wincompatible-library-redeclaration]
char memset ();
     ^
conftest.c:74:6: note: 'memset' is a builtin with type 'void *(void *, int, unsigned long)'
1 warning generated.
configure:13994: $? = 0
configure:13994: result: yes
configure:13994: checking for pstat_getdynamic
configure:13994: gcc -o conftest -g -O2   conftest.c -lresolv  >&5
Undefined symbols for architecture x86_64:
  "_pstat_getdynamic", referenced from:
      _main in conftest-d87aa6.o
ld: symbol(s) not found for architecture x86_64
clang: error: linker command failed with exit code 1 (use -v to see invocation)
configure:13994: $? = 1
configure: failed program was:
| /* confdefs.h */
| #define PACKAGE_NAME ""
| #define PACKAGE_TARNAME ""
| #define PACKAGE_VERSION ""
| #define PACKAGE_STRING ""
| #define PACKAGE_BUGREPORT ""
| #define PACKAGE_URL ""
| #define PACKAGE "libmetrics"
| #define VERSION "201501061620"
| #define STDC_HEADERS 1
| #define HAVE_SYS_TYPES_H 1
| #define HAVE_SYS_STAT_H 1
| #define HAVE_STDLIB_H 1
| #define HAVE_STRING_H 1
| #define HAVE_MEMORY_H 1
| #define HAVE_STRINGS_H 1
| #define HAVE_INTTYPES_H 1
| #define HAVE_STDINT_H 1
| #define HAVE_UNISTD_H 1
| #define HAVE_DLFCN_H 1
| #define LT_OBJDIR ".libs/"
| #define HAVE_LIBRESOLV 1
| #define HAVE_DIRENT_H 1
| #define STDC_HEADERS 1
| #define HAVE_FCNTL_H 1
| #define HAVE_INTTYPES_H 1
| #define HAVE_LIMITS_H 1
| #define HAVE_NLIST_H 1
| #define HAVE_PATHS_H 1
| #define HAVE_STDLIB_H 1
| #define HAVE_STRINGS_H 1
| #define HAVE_SYS_MOUNT_H 1
| #define HAVE_SYS_PARAM_H 1
| #define HAVE_SYS_SOCKET_H 1
| #define HAVE_SYS_STATVFS_H 1
| #define HAVE_SYS_TIME_H 1
| #define HAVE_UNISTD_H 1
| #define HAVE_UTMP_H 1
| #define HAVE_SYS_SOCKIO_H 1
| #define HAVE_SOCKADDR_SA_LEN 1
| #define TIME_WITH_SYS_TIME 1
| #define uchar_t unsigned char
| #define HAVE_STDLIB_H 1
| #define HAVE_MALLOC 1
| #define HAVE_STDLIB_H 1
| #define HAVE_REALLOC 1
| #define HAVE_GETMNTINFO 1
| #define HAVE_GETPAGESIZE 1
| #define HAVE_GETTIMEOFDAY 1
| #define HAVE_MEMSET 1
| /* end confdefs.h.  */
| /* Define pstat_getdynamic to an innocuous variant, in case <limits.h> declares pstat_getdynamic.
|    For example, HP-UX 11i <limits.h> declares gettimeofday.  */
| #define pstat_getdynamic innocuous_pstat_getdynamic
| 
| /* System header to define __stub macros and hopefully few prototypes,
|     which can conflict with char pstat_getdynamic (); below.
|     Prefer <limits.h> to <assert.h> if __STDC__ is defined, since
|     <limits.h> exists even on freestanding compilers.  */
| 
| #ifdef __STDC__
| # include <limits.h>
| #else
| # include <assert.h>
| #endif
| 
| #undef pstat_getdynamic
| 
| /* Override any GCC internal prototype to avoid an error.
|    Use char because int might match the return type of a GCC
|    builtin and then its argument prototype would still apply.  */
| #ifdef __cplusplus
| extern "C"
| #endif
| char pstat_getdynamic ();
| /* The GNU C library defines this for functions which it implements
|     to always fail with ENOSYS.  Some functions are actually named
|     something starting with __ and the normal name is an alias.  */
| #if defined __stub_pstat_getdynamic || defined __stub___pstat_getdynamic
| choke me
| #endif
| 
| int
| main ()
| {
| return pstat_getdynamic ();
|   ;
|   return 0;
| }
configure:13994: result: no
configure:13994: checking for strchr
configure:13994: gcc -o conftest -g -O2   conftest.c -lresolv  >&5
conftest.c:75:6: warning: incompatible redeclaration of library function 'strchr' [-Wincompatible-library-redeclaration]
char strchr ();
     ^
conftest.c:75:6: note: 'strchr' is a builtin with type 'char *(const char *, int)'
1 warning generated.
configure:13994: $? = 0
configure:13994: result: yes
configure:13994: checking for strdup
configure:13994: gcc -o conftest -g -O2   conftest.c -lresolv  >&5
conftest.c:76:6: warning: incompatible redeclaration of library function 'strdup' [-Wincompatible-library-redeclaration]
char strdup ();
     ^
conftest.c:76:6: note: 'strdup' is a builtin with type 'char *(const char *)'
1 warning generated.
configure:13994: $? = 0
configure:13994: result: yes
configure:13994: checking for strndup
configure:13994: gcc -o conftest -g -O2   conftest.c -lresolv  >&5
conftest.c:77:6: warning: incompatible redeclaration of library function 'strndup' [-Wincompatible-library-redeclaration]
char strndup ();
     ^
conftest.c:77:6: note: 'strndup' is a builtin with type 'char *(const char *, unsigned long)'
1 warning generated.
configure:13994: $? = 0
configure:13994: result: yes
configure:13994: checking for strpbrk
configure:13994: gcc -o conftest -g -O2   conftest.c -lresolv  >&5
conftest.c:78:6: warning: incompatible redeclaration of library function 'strpbrk' [-Wincompatible-library-redeclaration]
char strpbrk ();
     ^
conftest.c:78:6: note: 'strpbrk' is a builtin with type 'char *(const char *, const char *)'
1 warning generated.
configure:13994: $? = 0
configure:13994: result: yes
configure:13994: checking for strstr
configure:13994: gcc -o conftest -g -O2   conftest.c -lresolv  >&5
conftest.c:79:6: warning: incompatible redeclaration of library function 'strstr' [-Wincompatible-library-redeclaration]
char strstr ();
     ^
conftest.c:79:6: note: 'strstr' is a builtin with type 'char *(const char *, const char *)'
1 warning generated.
configure:13994: $? = 0
configure:13994: result: yes
configure:13994: checking for strtol
configure:13994: gcc -o conftest -g -O2   conftest.c -lresolv  >&5
configure:13994: $? = 0
configure:13994: result: yes
configure:13994: checking for strtoull
configure:13994: gcc -o conftest -g -O2   conftest.c -lresolv  >&5
configure:13994: $? = 0
configure:13994: result: yes
configure:13994: checking for sysinfo
configure:13994: gcc -o conftest -g -O2   conftest.c -lresolv  >&5
Undefined symbols for architecture x86_64:
  "_sysinfo", referenced from:
      _main in conftest-b973a0.o
ld: symbol(s) not found for architecture x86_64
clang: error: linker command failed with exit code 1 (use -v to see invocation)
configure:13994: $? = 1
configure: failed program was:
| /* confdefs.h */
| #define PACKAGE_NAME ""
| #define PACKAGE_TARNAME ""
| #define PACKAGE_VERSION ""
| #define PACKAGE_STRING ""
| #define PACKAGE_BUGREPORT ""
| #define PACKAGE_URL ""
| #define PACKAGE "libmetrics"
| #define VERSION "201501061620"
| #define STDC_HEADERS 1
| #define HAVE_SYS_TYPES_H 1
| #define HAVE_SYS_STAT_H 1
| #define HAVE_STDLIB_H 1
| #define HAVE_STRING_H 1
| #define HAVE_MEMORY_H 1
| #define HAVE_STRINGS_H 1
| #define HAVE_INTTYPES_H 1
| #define HAVE_STDINT_H 1
| #define HAVE_UNISTD_H 1
| #define HAVE_DLFCN_H 1
| #define LT_OBJDIR ".libs/"
| #define HAVE_LIBRESOLV 1
| #define HAVE_DIRENT_H 1
| #define STDC_HEADERS 1
| #define HAVE_FCNTL_H 1
| #define HAVE_INTTYPES_H 1
| #define HAVE_LIMITS_H 1
| #define HAVE_NLIST_H 1
| #define HAVE_PATHS_H 1
| #define HAVE_STDLIB_H 1
| #define HAVE_STRINGS_H 1
| #define HAVE_SYS_MOUNT_H 1
| #define HAVE_SYS_PARAM_H 1
| #define HAVE_SYS_SOCKET_H 1
| #define HAVE_SYS_STATVFS_H 1
| #define HAVE_SYS_TIME_H 1
| #define HAVE_UNISTD_H 1
| #define HAVE_UTMP_H 1
| #define HAVE_SYS_SOCKIO_H 1
| #define HAVE_SOCKADDR_SA_LEN 1
| #define TIME_WITH_SYS_TIME 1
| #define uchar_t unsigned char
| #define HAVE_STDLIB_H 1
| #define HAVE_MALLOC 1
| #define HAVE_STDLIB_H 1
| #define HAVE_REALLOC 1
| #define HAVE_GETMNTINFO 1
| #define HAVE_GETPAGESIZE 1
| #define HAVE_GETTIMEOFDAY 1
| #define HAVE_MEMSET 1
| #define HAVE_STRCHR 1
| #define HAVE_STRDUP 1
| #define HAVE_STRNDUP 1
| #define HAVE_STRPBRK 1
| #define HAVE_STRSTR 1
| #define HAVE_STRTOL 1
| #define HAVE_STRTOULL 1
| /* end confdefs.h.  */
| /* Define sysinfo to an innocuous variant, in case <limits.h> declares sysinfo.
|    For example, HP-UX 11i <limits.h> declares gettimeofday.  */
| #define sysinfo innocuous_sysinfo
| 
| /* System header to define __stub macros and hopefully few prototypes,
|     which can conflict with char sysinfo (); below.
|     Prefer <limits.h> to <assert.h> if __STDC__ is defined, since
|     <limits.h> exists even on freestanding compilers.  */
| 
| #ifdef __STDC__
| # include <limits.h>
| #else
| # include <assert.h>
| #endif
| 
| #undef sysinfo
| 
| /* Override any GCC internal prototype to avoid an error.
|    Use char because int might match the return type of a GCC
|    builtin and then its argument prototype would still apply.  */
| #ifdef __cplusplus
| extern "C"
| #endif
| char sysinfo ();
| /* The GNU C library defines this for functions which it implements
|     to always fail with ENOSYS.  Some functions are actually named
|     something starting with __ and the normal name is an alias.  */
| #if defined __stub_sysinfo || defined __stub___sysinfo
| choke me
| #endif
| 
| int
| main ()
| {
| return sysinfo ();
|   ;
|   return 0;
| }
configure:13994: result: no
configure:13994: checking for uname
configure:13994: gcc -o conftest -g -O2   conftest.c -lresolv  >&5
configure:13994: $? = 0
configure:13994: result: yes
configure:13994: checking for vsnprintf
configure:13994: gcc -o conftest -g -O2   conftest.c -lresolv  >&5
conftest.c:83:6: warning: incompatible redeclaration of library function 'vsnprintf' [-Wincompatible-library-redeclaration]
char vsnprintf ();
     ^
conftest.c:83:6: note: 'vsnprintf' is a builtin with type 'int (char *, unsigned long, const char *, __va_list_tag *)'
1 warning generated.
configure:13994: $? = 0
configure:13994: result: yes
configure:13994: checking for strlcat
configure:13994: gcc -o conftest -g -O2   conftest.c -lresolv  >&5
conftest.c:84:6: warning: incompatible redeclaration of library function 'strlcat' [-Wincompatible-library-redeclaration]
char strlcat ();
     ^
conftest.c:84:6: note: 'strlcat' is a builtin with type 'unsigned long (char *, const char *, unsigned long)'
1 warning generated.
configure:13994: $? = 0
configure:13994: result: yes
configure:14171: updating cache /Users/paul/Repos/ganglia/ganglia/ganglia-3.6.1/config.cache
configure:14236: creating ./config.status

## ---------------------- ##
## Running config.status. ##
## ---------------------- ##

This file was extended by config.status, which was
generated by GNU Autoconf 2.69.  Invocation command line was

  CONFIG_FILES    = 
  CONFIG_HEADERS  = 
  CONFIG_LINKS    = 
  CONFIG_COMMANDS = 
  $ ./config.status 

on pauls-MacBook-Pro.local

config.status:1129: creating Makefile
config.status:1129: creating tests/Makefile
config.status:1129: creating aix/Makefile
config.status:1129: creating cygwin/Makefile
config.status:1129: creating darwin/Makefile
config.status:1129: creating dragonfly/Makefile
config.status:1129: creating freebsd/Makefile
config.status:1129: creating hpux/Makefile
config.status:1129: creating irix/Makefile
config.status:1129: creating linux/Makefile
config.status:1129: creating mingw/Makefile
config.status:1129: creating netbsd/Makefile
config.status:1129: creating openbsd/Makefile
config.status:1129: creating osf/Makefile
config.status:1129: creating solaris/Makefile
config.status:1129: creating config.h
config.status:1358: executing depfiles commands
config.status:1358: executing libtool commands

## ---------------- ##
## Cache variables. ##
## ---------------- ##

ac_cv_build=x86_64-apple-darwin14.0.0
ac_cv_c_compiler_gnu=yes
ac_cv_c_const=yes
ac_cv_env_CC_set=
ac_cv_env_CC_value=
ac_cv_env_CFLAGS_set=
ac_cv_env_CFLAGS_value=
ac_cv_env_CPPFLAGS_set=
ac_cv_env_CPPFLAGS_value=
ac_cv_env_CPP_set=
ac_cv_env_CPP_value=
ac_cv_env_LDFLAGS_set=
ac_cv_env_LDFLAGS_value=
ac_cv_env_LIBS_set=
ac_cv_env_LIBS_value=
ac_cv_env_build_alias_set=
ac_cv_env_build_alias_value=
ac_cv_env_host_alias_set=
ac_cv_env_host_alias_value=
ac_cv_env_target_alias_set=
ac_cv_env_target_alias_value=
ac_cv_func_closedir_void=no
ac_cv_func_getmntinfo=yes
ac_cv_func_getpagesize=yes
ac_cv_func_gettimeofday=yes
ac_cv_func_lstat_dereferences_slashed_symlink=no
ac_cv_func_malloc_0_nonnull=yes
ac_cv_func_memset=yes
ac_cv_func_pstat_getdynamic=no
ac_cv_func_realloc_0_nonnull=yes
ac_cv_func_stat_empty_string_bug=no
ac_cv_func_strchr=yes
ac_cv_func_strdup=yes
ac_cv_func_strlcat=yes
ac_cv_func_strndup=yes
ac_cv_func_strpbrk=yes
ac_cv_func_strstr=yes
ac_cv_func_strtod=yes
ac_cv_func_strtol=yes
ac_cv_func_strtoull=yes
ac_cv_func_sysinfo=no
ac_cv_func_uname=yes
ac_cv_func_vsnprintf=yes
ac_cv_header_dirent_dirent_h=yes
ac_cv_header_dlfcn_h=yes
ac_cv_header_fcntl_h=yes
ac_cv_header_inttypes_h=yes
ac_cv_header_limits_h=yes
ac_cv_header_memory_h=yes
ac_cv_header_nlist_h=yes
ac_cv_header_paths_h=yes
ac_cv_header_stdc=yes
ac_cv_header_stdint_h=yes
ac_cv_header_stdlib_h=yes
ac_cv_header_string_h=yes
ac_cv_header_strings_h=yes
ac_cv_header_sys_filsys_h=no
ac_cv_header_sys_fs_s5param_h=no
ac_cv_header_sys_mount_h=yes
ac_cv_header_sys_param_h=yes
ac_cv_header_sys_socket_h=yes
ac_cv_header_sys_sockio_h=yes
ac_cv_header_sys_stat_h=yes
ac_cv_header_sys_statfs_h=no
ac_cv_header_sys_statvfs_h=yes
ac_cv_header_sys_systeminfo_h=no
ac_cv_header_sys_time_h=yes
ac_cv_header_sys_types_h=yes
ac_cv_header_sys_vfs_h=no
ac_cv_header_time=yes
ac_cv_header_unistd_h=yes
ac_cv_header_utmp_h=yes
ac_cv_host=x86_64-apple-darwin14.0.0
ac_cv_lib_cfg__system_configuration=no
ac_cv_lib_kinfo_kinfo_get_cpus=no
ac_cv_lib_kstat_kstat_open=no
ac_cv_lib_kvm_kvm_open=no
ac_cv_lib_nsl=ac_cv_lib_nsl_main
ac_cv_lib_nsl_main=no
ac_cv_lib_odm_odm_initialize=no
ac_cv_lib_perfstat_perfstat_cpu_total=no
ac_cv_lib_resolv=ac_cv_lib_resolv_main
ac_cv_lib_resolv_main=yes
ac_cv_lib_socket=ac_cv_lib_socket_main
ac_cv_lib_socket_main=no
ac_cv_objext=o
ac_cv_path_EGREP='/usr/bin/grep -E'
ac_cv_path_FGREP='/usr/bin/grep -F'
ac_cv_path_GREP=/usr/bin/grep
ac_cv_path_SED=/usr/bin/sed
ac_cv_path_install='/usr/bin/install -c'
ac_cv_prog_AWK=awk
ac_cv_prog_CPP='gcc -E'
ac_cv_prog_ac_ct_AR=ar
ac_cv_prog_ac_ct_CC=gcc
ac_cv_prog_ac_ct_DSYMUTIL=dsymutil
ac_cv_prog_ac_ct_LIPO=lipo
ac_cv_prog_ac_ct_NMEDIT=nmedit
ac_cv_prog_ac_ct_OTOOL=otool
ac_cv_prog_ac_ct_RANLIB=ranlib
ac_cv_prog_ac_ct_STRIP=strip
ac_cv_prog_cc_c89=
ac_cv_prog_cc_c99=
ac_cv_prog_cc_g=yes
ac_cv_prog_cc_stdc=
ac_cv_prog_gcc_traditional=no
ac_cv_prog_make_make_set=yes
ac_cv_search_opendir='none required'
ac_cv_sockaddr_has_sa_len=yes
ac_cv_type_int16_t=yes
ac_cv_type_int32_t=yes
ac_cv_type_int8_t=yes
ac_cv_type_off_t=yes
ac_cv_type_pid_t=yes
ac_cv_type_size_t=yes
ac_cv_type_socklen_t=yes
ac_cv_type_ssize_t=yes
ac_cv_type_uchar_t=no
ac_cv_type_uint16_t=yes
ac_cv_type_uint32_t=yes
ac_cv_type_uint8_t=yes
am_cv_CC_dependencies_compiler_type=gcc3
lt_cv_apple_cc_single_mod=yes
lt_cv_ar_at_file=no
lt_cv_deplibs_check_method=pass_all
lt_cv_file_magic_cmd='$MAGIC_CMD'
lt_cv_file_magic_test_file=
lt_cv_ld_exported_symbols_list=yes
lt_cv_ld_force_load=yes
lt_cv_ld_reload_flag=-r
lt_cv_nm_interface='BSD nm'
lt_cv_objdir=.libs
lt_cv_path_LD=/Library/Developer/CommandLineTools/usr/bin/ld
lt_cv_path_NM=/usr/bin/nm
lt_cv_path_mainfest_tool=no
lt_cv_prog_compiler_c_o=yes
lt_cv_prog_compiler_pic='-fno-common -DPIC'
lt_cv_prog_compiler_pic_works=yes
lt_cv_prog_compiler_rtti_exceptions=yes
lt_cv_prog_compiler_static_works=no
lt_cv_prog_gnu_ld=no
lt_cv_sharedlib_from_linklib_cmd='printf %s\n'
lt_cv_sys_global_symbol_pipe='sed -n -e '\''s/^.*[	 ]\([BCDEGRST][BCDEGRST]*\)[	 ][	 ]*_\([_A-Za-z][_A-Za-z0-9]*\)$/\1 _\2 \2/p'\'' | sed '\''/ __gnu_lto/d'\'''
lt_cv_sys_global_symbol_to_c_name_address='sed -n -e '\''s/^: \([^ ]*\)[ ]*$/  {\"\1\", (void *) 0},/p'\'' -e '\''s/^[BCDEGRST]* \([^ ]*\) \([^ ]*\)$/  {"\2", (void *) \&\2},/p'\'''
lt_cv_sys_global_symbol_to_c_name_address_lib_prefix='sed -n -e '\''s/^: \([^ ]*\)[ ]*$/  {\"\1\", (void *) 0},/p'\'' -e '\''s/^[BCDEGRST]* \([^ ]*\) \(lib[^ ]*\)$/  {"\2", (void *) \&\2},/p'\'' -e '\''s/^[BCDEGRST]* \([^ ]*\) \([^ ]*\)$/  {"lib\2", (void *) \&\2},/p'\'''
lt_cv_sys_global_symbol_to_cdecl='sed -n -e '\''s/^T .* \(.*\)$/extern int \1();/p'\'' -e '\''s/^[BCDEGRST]* .* \(.*\)$/extern char \1;/p'\'''
lt_cv_sys_max_cmd_len=196608
lt_cv_to_host_file_cmd=func_convert_file_noop
lt_cv_to_tool_file_cmd=func_convert_file_noop

## ----------------- ##
## Output variables. ##
## ----------------- ##

ACLOCAL='${SHELL} /Users/paul/Repos/ganglia/ganglia/ganglia-3.6.1/libmetrics/build/missing --run aclocal-1.11'
AMDEPBACKSLASH='\'
AMDEP_FALSE='#'
AMDEP_TRUE=''
AMTAR='$${TAR-tar}'
AR='ar'
AUTOCONF='${SHELL} /Users/paul/Repos/ganglia/ganglia/ganglia-3.6.1/libmetrics/build/missing --run autoconf'
AUTOHEADER='${SHELL} /Users/paul/Repos/ganglia/ganglia/ganglia-3.6.1/libmetrics/build/missing --run autoheader'
AUTOMAKE='${SHELL} /Users/paul/Repos/ganglia/ganglia/ganglia-3.6.1/libmetrics/build/missing --run automake-1.11'
AWK='awk'
CC='gcc'
CCDEPMODE='depmode=gcc3'
CFLAGS='-g -O2 -Wall'
CPP='gcc -E'
CPPFLAGS=''
CYGPATH_W='echo'
DEFS='-DHAVE_CONFIG_H'
DEPDIR='.deps'
DLLTOOL='false'
DSYMUTIL='dsymutil'
DUMPBIN=''
ECHO_C='\c'
ECHO_N=''
ECHO_T=''
EGREP='/usr/bin/grep -E'
EXEEXT=''
FGREP='/usr/bin/grep -F'
GREP='/usr/bin/grep'
INSTALL_DATA='${INSTALL} -m 644'
INSTALL_PROGRAM='${INSTALL}'
INSTALL_SCRIPT='${INSTALL}'
INSTALL_STRIP_PROGRAM='$(install_sh) -c -s'
LD='/Library/Developer/CommandLineTools/usr/bin/ld'
LDFLAGS=''
LIBOBJS=' ${LIBOBJDIR}lstat$U.o'
LIBS='-lresolv '
LIBTOOL='$(SHELL) $(top_builddir)/libtool'
LIPO='lipo'
LN_S='ln -s'
LTLIBOBJS=' ${LIBOBJDIR}lstat$U.lo'
MAKEINFO='${SHELL} /Users/paul/Repos/ganglia/ganglia/ganglia-3.6.1/libmetrics/build/missing --run makeinfo'
MANIFEST_TOOL=':'
MKDIR_P='build/install-sh -c -d'
NM='/usr/bin/nm'
NMEDIT='nmedit'
OBJDUMP='false'
OBJEXT='o'
OS='darwin'
OTOOL64=':'
OTOOL='otool'
PACKAGE='libmetrics'
PACKAGE_BUGREPORT=''
PACKAGE_NAME=''
PACKAGE_STRING=''
PACKAGE_TARNAME=''
PACKAGE_URL=''
PACKAGE_VERSION=''
PATH_SEPARATOR=':'
POW_LIB=''
RANLIB='ranlib'
SED='/usr/bin/sed'
SET_MAKE=''
SHELL='/bin/sh'
STRIP='strip'
VERSION='201501061620'
ac_ct_AR='ar'
ac_ct_CC='gcc'
ac_ct_DUMPBIN=''
am__EXEEXT_FALSE=''
am__EXEEXT_TRUE='#'
am__fastdepCC_FALSE='#'
am__fastdepCC_TRUE=''
am__include='include'
am__isrc=''
am__leading_dot='.'
am__nodep='_no'
am__quote=''
am__tar='$${TAR-tar} chof - "$$tardir"'
am__untar='$${TAR-tar} xf -'
bindir='${exec_prefix}/bin'
build='x86_64-apple-darwin14.0.0'
build_alias=''
build_cpu='x86_64'
build_os='darwin14.0.0'
build_vendor='apple'
datadir='${datarootdir}'
datarootdir='${prefix}/share'
docdir='${datarootdir}/doc/${PACKAGE}'
dvidir='${docdir}'
exec_prefix='${prefix}'
host='x86_64-apple-darwin14.0.0'
host_alias=''
host_cpu='x86_64'
host_os='darwin14.0.0'
host_vendor='apple'
htmldir='${docdir}'
includedir='${prefix}/include'
infodir='${datarootdir}/info'
install_sh='${SHELL} /Users/paul/Repos/ganglia/ganglia/ganglia-3.6.1/libmetrics/build/install-sh'
libdir='${exec_prefix}/lib'
libexecdir='${exec_prefix}/libexec'
localedir='${datarootdir}/locale'
localstatedir='${prefix}/var'
mandir='${datarootdir}/man'
mkdir_p='$(top_builddir)/build/install-sh -c -d'
oldincludedir='/usr/include'
pdfdir='${docdir}'
prefix='/usr/local'
program_transform_name='s,x,x,'
psdir='${docdir}'
sbindir='${exec_prefix}/sbin'
sharedstatedir='${prefix}/com'
sysconfdir='${prefix}/etc'
target_alias=''

## ----------- ##
## confdefs.h. ##
## ----------- ##

/* confdefs.h */
#define PACKAGE_NAME ""
#define PACKAGE_TARNAME ""
#define PACKAGE_VERSION ""
#define PACKAGE_STRING ""
#define PACKAGE_BUGREPORT ""
#define PACKAGE_URL ""
#define PACKAGE "libmetrics"
#define VERSION "201501061620"
#define STDC_HEADERS 1
#define HAVE_SYS_TYPES_H 1
#define HAVE_SYS_STAT_H 1
#define HAVE_STDLIB_H 1
#define HAVE_STRING_H 1
#define HAVE_MEMORY_H 1
#define HAVE_STRINGS_H 1
#define HAVE_INTTYPES_H 1
#define HAVE_STDINT_H 1
#define HAVE_UNISTD_H 1
#define HAVE_DLFCN_H 1
#define LT_OBJDIR ".libs/"
#define HAVE_LIBRESOLV 1
#define HAVE_DIRENT_H 1
#define STDC_HEADERS 1
#define HAVE_FCNTL_H 1
#define HAVE_INTTYPES_H 1
#define HAVE_LIMITS_H 1
#define HAVE_NLIST_H 1
#define HAVE_PATHS_H 1
#define HAVE_STDLIB_H 1
#define HAVE_STRINGS_H 1
#define HAVE_SYS_MOUNT_H 1
#define HAVE_SYS_PARAM_H 1
#define HAVE_SYS_SOCKET_H 1
#define HAVE_SYS_STATVFS_H 1
#define HAVE_SYS_TIME_H 1
#define HAVE_UNISTD_H 1
#define HAVE_UTMP_H 1
#define HAVE_SYS_SOCKIO_H 1
#define HAVE_SOCKADDR_SA_LEN 1
#define TIME_WITH_SYS_TIME 1
#define uchar_t unsigned char
#define HAVE_STDLIB_H 1
#define HAVE_MALLOC 1
#define HAVE_STDLIB_H 1
#define HAVE_REALLOC 1
#define HAVE_GETMNTINFO 1
#define HAVE_GETPAGESIZE 1
#define HAVE_GETTIMEOFDAY 1
#define HAVE_MEMSET 1
#define HAVE_STRCHR 1
#define HAVE_STRDUP 1
#define HAVE_STRNDUP 1
#define HAVE_STRPBRK 1
#define HAVE_STRSTR 1
#define HAVE_STRTOL 1
#define HAVE_STRTOULL 1
#define HAVE_UNAME 1
#define HAVE_VSNPRINTF 1
#define HAVE_STRLCAT 1
#define DARWIN 1

configure: exit 0
