This file contains any messages produced by compilers while
running configure, to aid debugging if configure makes a mistake.

It was created by configure, which was
generated by GNU Autoconf 2.69.  Invocation command line was

  $ ./configure 

## --------- ##
## Platform. ##
## --------- ##

hostname = pauls-MacBook-Pro.local
uname -m = x86_64
uname -r = 14.0.0
uname -s = Darwin
uname -v = Darwin Kernel Version 14.0.0: Fri Sep 19 00:26:44 PDT 2014; root:xnu-2782.1.97~2/RELEASE_X86_64

/usr/bin/uname -p = i386
/bin/uname -X     = unknown

/bin/arch              = unknown
/usr/bin/arch -k       = unknown
/usr/convex/getsysinfo = unknown
/usr/bin/hostinfo      = Mach kernel version:
	 Darwin Kernel Version 14.0.0: Fri Sep 19 00:26:44 PDT 2014; root:xnu-2782.1.97~2/RELEASE_X86_64
Kernel configured for up to 8 processors.
4 processors are physically available.
8 processors are logically available.
Processor type: x86_64h (Intel x86-64h Haswell)
Processors active: 0 1 2 3 4 5 6 7
Primary memory available: 16.00 gigabytes
Default processor set: 252 tasks, 1249 threads, 8 processors
Load average: 1.86, Mach factor: 6.12
/bin/machine           = unknown
/usr/bin/oslevel       = unknown
/bin/universe          = unknown

PATH: /Users/paul/.rbenv/shims
PATH: /Users/paul/.rbenv/bin
PATH: /usr/local/bin
PATH: /usr/bin
PATH: /bin
PATH: /usr/sbin
PATH: /sbin
PATH: /opt/X11/bin


## ----------- ##
## Core tests. ##
## ----------- ##

configure:2403: checking for a BSD-compatible install
configure:2471: result: /usr/bin/install -c
configure:2482: checking whether build environment is sane
configure:2532: result: yes
configure:2673: checking for a thread-safe mkdir -p
configure:2712: result: build/install-sh -c -d
configure:2725: checking for gawk
configure:2755: result: no
configure:2725: checking for mawk
configure:2755: result: no
configure:2725: checking for nawk
configure:2755: result: no
configure:2725: checking for awk
configure:2741: found /usr/bin/awk
configure:2752: result: awk
configure:2763: checking whether make sets $(MAKE)
configure:2785: result: yes
configure:2927: checking build system type
configure:2941: result: x86_64-apple-darwin14.0.0
configure:2961: checking host system type
configure:2974: result: x86_64-apple-darwin14.0.0
configure:3060: checking for gcc
configure:3076: found /usr/bin/gcc
configure:3087: result: gcc
configure:3316: checking for C compiler version
configure:3325: gcc --version >&5
Apple LLVM version 6.0 (clang-600.0.56) (based on LLVM 3.5svn)
Target: x86_64-apple-darwin14.0.0
Thread model: posix
Configured with: --prefix=/Library/Developer/CommandLineTools/usr --with-gxx-include-dir=/usr/include/c++/4.2.1
configure:3336: $? = 0
configure:3325: gcc -v >&5
Configured with: --prefix=/Library/Developer/CommandLineTools/usr --with-gxx-include-dir=/usr/include/c++/4.2.1
Apple LLVM version 6.0 (clang-600.0.56) (based on LLVM 3.5svn)
Target: x86_64-apple-darwin14.0.0
Thread model: posix
configure:3336: $? = 0
configure:3325: gcc -V >&5
clang: error: argument to '-V' is missing (expected 1 value)
clang: error: no input files
configure:3336: $? = 1
configure:3325: gcc -qversion >&5
clang: error: unknown argument: '-qversion'
clang: error: no input files
configure:3336: $? = 1
configure:3356: checking whether the C compiler works
configure:3378: gcc    conftest.c  >&5
configure:3382: $? = 0
configure:3430: result: yes
configure:3433: checking for C compiler default output file name
configure:3435: result: a.out
configure:3441: checking for suffix of executables
configure:3448: gcc -o conftest    conftest.c  >&5
configure:3452: $? = 0
configure:3474: result: 
configure:3496: checking whether we are cross compiling
configure:3504: gcc -o conftest    conftest.c  >&5
configure:3508: $? = 0
configure:3515: ./conftest
configure:3519: $? = 0
configure:3534: result: no
configure:3539: checking for suffix of object files
configure:3561: gcc -c   conftest.c >&5
configure:3565: $? = 0
configure:3586: result: o
configure:3590: checking whether we are using the GNU C compiler
configure:3609: gcc -c   conftest.c >&5
configure:3609: $? = 0
configure:3618: result: yes
configure:3627: checking whether gcc accepts -g
configure:3647: gcc -c -g  conftest.c >&5
configure:3647: $? = 0
configure:3688: result: yes
configure:3705: checking for gcc option to accept ISO C89
configure:3768: gcc  -c -g -O2  conftest.c >&5
configure:3768: $? = 0
configure:3781: result: none needed
configure:3812: checking for style of include used by make
configure:3840: result: GNU
configure:3866: checking dependency style of gcc
configure:3977: result: gcc3
configure:3996: checking for gcc option to accept ISO C99
configure:4145: gcc  -c -g -O2  conftest.c >&5
configure:4145: $? = 0
configure:4158: result: none needed
configure:4266: checking for gcc option to accept ISO Standard C
configure:4277: result: none needed
configure:4330: checking how to print strings
configure:4357: result: printf
configure:4378: checking for a sed that does not truncate output
configure:4442: result: /usr/bin/sed
configure:4460: checking for grep that handles long lines and -e
configure:4518: result: /usr/bin/grep
configure:4523: checking for egrep
configure:4585: result: /usr/bin/grep -E
configure:4590: checking for fgrep
configure:4652: result: /usr/bin/grep -F
configure:4687: checking for ld used by gcc
configure:4754: result: /Library/Developer/CommandLineTools/usr/bin/ld
configure:4761: checking if the linker (/Library/Developer/CommandLineTools/usr/bin/ld) is GNU ld
configure:4776: result: no
configure:4788: checking for BSD- or MS-compatible name lister (nm)
configure:4837: result: /usr/bin/nm
configure:4967: checking the name lister (/usr/bin/nm) interface
configure:4974: gcc -c -g -O2  conftest.c >&5
configure:4977: /usr/bin/nm "conftest.o"
configure:4980: output
0000000000000230 S _some_variable
configure:4987: result: BSD nm
configure:4990: checking whether ln -s works
configure:4994: result: yes
configure:5002: checking the maximum length of command line arguments
configure:5132: result: 196608
configure:5149: checking whether the shell understands some XSI constructs
configure:5159: result: yes
configure:5163: checking whether the shell understands "+="
configure:5169: result: yes
configure:5204: checking how to convert x86_64-apple-darwin14.0.0 file names to x86_64-apple-darwin14.0.0 format
configure:5244: result: func_convert_file_noop
configure:5251: checking how to convert x86_64-apple-darwin14.0.0 file names to toolchain format
configure:5271: result: func_convert_file_noop
configure:5278: checking for /Library/Developer/CommandLineTools/usr/bin/ld option to reload object files
configure:5285: result: -r
configure:5359: checking for objdump
configure:5389: result: no
configure:5418: checking how to recognize dependent libraries
configure:5616: result: pass_all
configure:5701: checking for dlltool
configure:5731: result: no
configure:5761: checking how to associate runtime and link libraries
configure:5788: result: printf %s\n
configure:5849: checking for ar
configure:5865: found /usr/bin/ar
configure:5876: result: ar
configure:5913: checking for archiver @FILE support
configure:5930: gcc -c -g -O2  conftest.c >&5
configure:5930: $? = 0
configure:5933: ar cru libconftest.a @conftest.lst >&5
ar: @conftest.lst: No such file or directory
configure:5936: $? = 1
configure:5956: result: no
configure:6014: checking for strip
configure:6030: found /usr/bin/strip
configure:6041: result: strip
configure:6113: checking for ranlib
configure:6129: found /usr/bin/ranlib
configure:6140: result: ranlib
configure:6242: checking command to parse /usr/bin/nm output from gcc object
configure:6362: gcc -c -g -O2  conftest.c >&5
configure:6365: $? = 0
configure:6369: /usr/bin/nm conftest.o \| sed -n -e 's/^.*[ ]\([BCDEGRST][BCDEGRST]*\)[ ][ ]*\([_A-Za-z][_A-Za-z0-9]*\)$/\1 \2 \2/p' | sed '/ __gnu_lto/d' \> conftest.nm
configure:6372: $? = 0
cannot find nm_test_var in conftest.nm
configure:6362: gcc -c -g -O2  conftest.c >&5
configure:6365: $? = 0
configure:6369: /usr/bin/nm conftest.o \| sed -n -e 's/^.*[ ]\([BCDEGRST][BCDEGRST]*\)[ ][ ]*_\([_A-Za-z][_A-Za-z0-9]*\)$/\1 _\2 \2/p' | sed '/ __gnu_lto/d' \> conftest.nm
configure:6372: $? = 0
configure:6438: gcc -o conftest -g -O2   conftest.c conftstm.o >&5
configure:6441: $? = 0
configure:6479: result: ok
configure:6516: checking for sysroot
configure:6546: result: no
configure:6802: checking for mt
configure:6832: result: no
configure:6852: checking if : is a manifest tool
configure:6858: : '-?'
configure:6866: result: no
configure:6922: checking for dsymutil
configure:6938: found /usr/bin/dsymutil
configure:6949: result: dsymutil
configure:7014: checking for nmedit
configure:7030: found /usr/bin/nmedit
configure:7041: result: nmedit
configure:7106: checking for lipo
configure:7122: found /usr/bin/lipo
configure:7133: result: lipo
configure:7198: checking for otool
configure:7214: found /usr/bin/otool
configure:7225: result: otool
configure:7290: checking for otool64
configure:7320: result: no
configure:7365: checking for -single_module linker flag
gcc -g -O2  -o libconftest.dylib -dynamiclib -Wl,-single_module conftest.c
configure:7398: result: yes
configure:7401: checking for -exported_symbols_list linker flag
configure:7421: gcc -o conftest -g -O2   -Wl,-exported_symbols_list,conftest.sym conftest.c  >&5
configure:7421: $? = 0
configure:7431: result: yes
configure:7434: checking for -force_load linker flag
gcc -g -O2 -c -o conftest.o conftest.c
ar cru libconftest.a conftest.o
ranlib libconftest.a
gcc -g -O2  -o conftest conftest.c -Wl,-force_load,./libconftest.a
configure:7466: result: yes
configure:7508: checking how to run the C preprocessor
configure:7539: gcc -E  conftest.c
configure:7539: $? = 0
configure:7553: gcc -E  conftest.c
conftest.c:18:10: fatal error: 'ac_nonexistent.h' file not found
#include <ac_nonexistent.h>
         ^
1 error generated.
configure:7553: $? = 1
configure: failed program was:
| /* confdefs.h */
| #define PACKAGE_NAME ""
| #define PACKAGE_TARNAME ""
| #define PACKAGE_VERSION ""
| #define PACKAGE_STRING ""
| #define PACKAGE_BUGREPORT ""
| #define PACKAGE_URL ""
| #define PACKAGE "ganglia"
| #define VERSION "3.6.1"
| #define GANGLIA_MAJOR_VERSION 3
| #define GANGLIA_MINOR_VERSION 6
| #define GANGLIA_MICRO_VERSION 1
| #define REL 1
| #define GANGLIA_VERSION_FULL "3.6.1-1"
| #define HOST_OS "darwin14.0.0"
| #define CPU_VENDOR_OS "x86_64-apple-darwin14.0.0"
| /* end confdefs.h.  */
| #include <ac_nonexistent.h>
configure:7578: result: gcc -E
configure:7598: gcc -E  conftest.c
configure:7598: $? = 0
configure:7612: gcc -E  conftest.c
conftest.c:18:10: fatal error: 'ac_nonexistent.h' file not found
#include <ac_nonexistent.h>
         ^
1 error generated.
configure:7612: $? = 1
configure: failed program was:
| /* confdefs.h */
| #define PACKAGE_NAME ""
| #define PACKAGE_TARNAME ""
| #define PACKAGE_VERSION ""
| #define PACKAGE_STRING ""
| #define PACKAGE_BUGREPORT ""
| #define PACKAGE_URL ""
| #define PACKAGE "ganglia"
| #define VERSION "3.6.1"
| #define GANGLIA_MAJOR_VERSION 3
| #define GANGLIA_MINOR_VERSION 6
| #define GANGLIA_MICRO_VERSION 1
| #define REL 1
| #define GANGLIA_VERSION_FULL "3.6.1-1"
| #define HOST_OS "darwin14.0.0"
| #define CPU_VENDOR_OS "x86_64-apple-darwin14.0.0"
| /* end confdefs.h.  */
| #include <ac_nonexistent.h>
configure:7641: checking for ANSI C header files
configure:7661: gcc -c -g -O2  conftest.c >&5
configure:7661: $? = 0
configure:7734: gcc -o conftest -g -O2   conftest.c  >&5
configure:7734: $? = 0
configure:7734: ./conftest
configure:7734: $? = 0
configure:7745: result: yes
configure:7758: checking for sys/types.h
configure:7758: gcc -c -g -O2  conftest.c >&5
configure:7758: $? = 0
configure:7758: result: yes
configure:7758: checking for sys/stat.h
configure:7758: gcc -c -g -O2  conftest.c >&5
configure:7758: $? = 0
configure:7758: result: yes
configure:7758: checking for stdlib.h
configure:7758: gcc -c -g -O2  conftest.c >&5
configure:7758: $? = 0
configure:7758: result: yes
configure:7758: checking for string.h
configure:7758: gcc -c -g -O2  conftest.c >&5
configure:7758: $? = 0
configure:7758: result: yes
configure:7758: checking for memory.h
configure:7758: gcc -c -g -O2  conftest.c >&5
configure:7758: $? = 0
configure:7758: result: yes
configure:7758: checking for strings.h
configure:7758: gcc -c -g -O2  conftest.c >&5
configure:7758: $? = 0
configure:7758: result: yes
configure:7758: checking for inttypes.h
configure:7758: gcc -c -g -O2  conftest.c >&5
configure:7758: $? = 0
configure:7758: result: yes
configure:7758: checking for stdint.h
configure:7758: gcc -c -g -O2  conftest.c >&5
configure:7758: $? = 0
configure:7758: result: yes
configure:7758: checking for unistd.h
configure:7758: gcc -c -g -O2  conftest.c >&5
configure:7758: $? = 0
configure:7758: result: yes
configure:7772: checking for dlfcn.h
configure:7772: gcc -c -g -O2  conftest.c >&5
configure:7772: $? = 0
configure:7772: result: yes
configure:7978: checking for objdir
configure:7993: result: .libs
configure:8260: checking if gcc supports -fno-rtti -fno-exceptions
configure:8278: gcc -c -g -O2  -fno-rtti -fno-exceptions conftest.c >&5
configure:8282: $? = 0
configure:8295: result: yes
configure:8622: checking for gcc option to produce PIC
configure:8629: result: -fno-common -DPIC
configure:8637: checking if gcc PIC flag -fno-common -DPIC works
configure:8655: gcc -c -g -O2  -fno-common -DPIC -DPIC conftest.c >&5
configure:8659: $? = 0
configure:8672: result: yes
configure:8701: checking if gcc static flag -static works
configure:8729: result: no
configure:8744: checking if gcc supports -c -o file.o
configure:8765: gcc -c -g -O2  -o out/conftest2.o conftest.c >&5
configure:8769: $? = 0
configure:8791: result: yes
configure:8799: checking if gcc supports -c -o file.o
configure:8846: result: yes
configure:8879: checking whether the gcc linker (/Library/Developer/CommandLineTools/usr/bin/ld) supports shared libraries
configure:10036: result: yes
configure:10276: checking dynamic linker characteristics
configure:11010: result: darwin14.0.0 dyld
configure:11117: checking how to hardcode library paths into programs
configure:11142: result: immediate
configure:11682: checking whether stripping libraries is possible
configure:11696: result: yes
configure:11722: checking if libtool supports shared libraries
configure:11724: result: yes
configure:11727: checking whether to build shared libraries
configure:11748: result: yes
configure:11751: checking whether to build static libraries
configure:11755: result: yes
configure:11792: checking for a sed that does not truncate output
configure:11856: result: /usr/bin/sed
configure:12116: checking for pthread_create in -lpthread
configure:12141: gcc -o conftest -g -O2   conftest.c -lpthread   >&5
configure:12141: $? = 0
configure:12150: result: yes
configure:12161: checking for pthread_create in -lpthreads
configure:12186: gcc -o conftest -g -O2   conftest.c -lpthreads  -lpthread  >&5
ld: library not found for -lpthreads
clang: error: linker command failed with exit code 1 (use -v to see invocation)
configure:12186: $? = 1
configure: failed program was:
| /* confdefs.h */
| #define PACKAGE_NAME ""
| #define PACKAGE_TARNAME ""
| #define PACKAGE_VERSION ""
| #define PACKAGE_STRING ""
| #define PACKAGE_BUGREPORT ""
| #define PACKAGE_URL ""
| #define PACKAGE "ganglia"
| #define VERSION "3.6.1"
| #define GANGLIA_MAJOR_VERSION 3
| #define GANGLIA_MINOR_VERSION 6
| #define GANGLIA_MICRO_VERSION 1
| #define REL 1
| #define GANGLIA_VERSION_FULL "3.6.1-1"
| #define HOST_OS "darwin14.0.0"
| #define CPU_VENDOR_OS "x86_64-apple-darwin14.0.0"
| #define STDC_HEADERS 1
| #define HAVE_SYS_TYPES_H 1
| #define HAVE_SYS_STAT_H 1
| #define HAVE_STDLIB_H 1
| #define HAVE_STRING_H 1
| #define HAVE_MEMORY_H 1
| #define HAVE_STRINGS_H 1
| #define HAVE_INTTYPES_H 1
| #define HAVE_STDINT_H 1
| #define HAVE_UNISTD_H 1
| #define HAVE_DLFCN_H 1
| #define LT_OBJDIR ".libs/"
| #define SUPPORT_GEXEC 0
| #define NO_SETUID 0
| #define SETUID_USER "nobody"
| #define NO_SETGID 1
| #define SETGID_GROUP "daemon"
| #define HAVE_LIBPTHREAD 1
| /* end confdefs.h.  */
| 
| /* Override any GCC internal prototype to avoid an error.
|    Use char because int might match the return type of a GCC
|    builtin and then its argument prototype would still apply.  */
| #ifdef __cplusplus
| extern "C"
| #endif
| char pthread_create ();
| int
| main ()
| {
| return pthread_create ();
|   ;
|   return 0;
| }
configure:12195: result: no
configure:12331: checking for python
configure:12349: found /usr/bin/python
configure:12361: result: /usr/bin/python
configure:12377: checking Python version
configure:12381: result: 2.7
configure:12403: checking Python support
configure:12405: result: yes
configure:12494: checking Perl support
configure:12496: result: no
configure:12664: checking PHP support
configure:12666: result: no
configure:12738: checking for pkg-config
configure:12756: found /usr/local/bin/pkg-config
configure:12768: result: /usr/local/bin/pkg-config
configure:12793: checking pkg-config is at least version 0.9.0
configure:12796: result: yes
configure:12920: checking for APR
configure:12927: $PKG_CONFIG --exists --print-errors "apr-1"
configure:12930: $? = 0
configure:12944: $PKG_CONFIG --exists --print-errors "apr-1"
configure:12947: $? = 0
configure:13005: result: yes
configure:13127: checking for cfg_parse in -lconfuse
configure:13152: gcc -o conftest -g -O2  -lpthread  -lapr-1 -lpthread  conftest.c -lconfuse  -lpthread  >&5
ld: library not found for -lconfuse
clang: error: linker command failed with exit code 1 (use -v to see invocation)
configure:13152: $? = 1
configure: failed program was:
| /* confdefs.h */
| #define PACKAGE_NAME ""
| #define PACKAGE_TARNAME ""
| #define PACKAGE_VERSION ""
| #define PACKAGE_STRING ""
| #define PACKAGE_BUGREPORT ""
| #define PACKAGE_URL ""
| #define PACKAGE "ganglia"
| #define VERSION "3.6.1"
| #define GANGLIA_MAJOR_VERSION 3
| #define GANGLIA_MINOR_VERSION 6
| #define GANGLIA_MICRO_VERSION 1
| #define REL 1
| #define GANGLIA_VERSION_FULL "3.6.1-1"
| #define HOST_OS "darwin14.0.0"
| #define CPU_VENDOR_OS "x86_64-apple-darwin14.0.0"
| #define STDC_HEADERS 1
| #define HAVE_SYS_TYPES_H 1
| #define HAVE_SYS_STAT_H 1
| #define HAVE_STDLIB_H 1
| #define HAVE_STRING_H 1
| #define HAVE_MEMORY_H 1
| #define HAVE_STRINGS_H 1
| #define HAVE_INTTYPES_H 1
| #define HAVE_STDINT_H 1
| #define HAVE_UNISTD_H 1
| #define HAVE_DLFCN_H 1
| #define LT_OBJDIR ".libs/"
| #define SUPPORT_GEXEC 0
| #define NO_SETUID 0
| #define SETUID_USER "nobody"
| #define NO_SETGID 1
| #define SETGID_GROUP "daemon"
| #define HAVE_LIBPTHREAD 1
| /* end confdefs.h.  */
| 
| /* Override any GCC internal prototype to avoid an error.
|    Use char because int might match the return type of a GCC
|    builtin and then its argument prototype would still apply.  */
| #ifdef __cplusplus
| extern "C"
| #endif
| char cfg_parse ();
| int
| main ()
| {
| return cfg_parse ();
|   ;
|   return 0;
| }
configure:13161: result: no
configure:13176: checking for cfg_parse in -lconfuse
configure:13201: gcc -o conftest -g -O2  -lpthread  -lapr-1 -lpthread  -lintl conftest.c -lconfuse  -lpthread  >&5
ld: library not found for -lintl
clang: error: linker command failed with exit code 1 (use -v to see invocation)
configure:13201: $? = 1
configure: failed program was:
| /* confdefs.h */
| #define PACKAGE_NAME ""
| #define PACKAGE_TARNAME ""
| #define PACKAGE_VERSION ""
| #define PACKAGE_STRING ""
| #define PACKAGE_BUGREPORT ""
| #define PACKAGE_URL ""
| #define PACKAGE "ganglia"
| #define VERSION "3.6.1"
| #define GANGLIA_MAJOR_VERSION 3
| #define GANGLIA_MINOR_VERSION 6
| #define GANGLIA_MICRO_VERSION 1
| #define REL 1
| #define GANGLIA_VERSION_FULL "3.6.1-1"
| #define HOST_OS "darwin14.0.0"
| #define CPU_VENDOR_OS "x86_64-apple-darwin14.0.0"
| #define STDC_HEADERS 1
| #define HAVE_SYS_TYPES_H 1
| #define HAVE_SYS_STAT_H 1
| #define HAVE_STDLIB_H 1
| #define HAVE_STRING_H 1
| #define HAVE_MEMORY_H 1
| #define HAVE_STRINGS_H 1
| #define HAVE_INTTYPES_H 1
| #define HAVE_STDINT_H 1
| #define HAVE_UNISTD_H 1
| #define HAVE_DLFCN_H 1
| #define LT_OBJDIR ".libs/"
| #define SUPPORT_GEXEC 0
| #define NO_SETUID 0
| #define SETUID_USER "nobody"
| #define NO_SETGID 1
| #define SETGID_GROUP "daemon"
| #define HAVE_LIBPTHREAD 1
| /* end confdefs.h.  */
| 
| /* Override any GCC internal prototype to avoid an error.
|    Use char because int might match the return type of a GCC
|    builtin and then its argument prototype would still apply.  */
| #ifdef __cplusplus
| extern "C"
| #endif
| char cfg_parse ();
| int
| main ()
| {
| return cfg_parse ();
|   ;
|   return 0;
| }
configure:13210: result: no
configure:13225: checking for cfg_parse in -lconfuse
configure:13250: gcc -o conftest -g -O2  -lpthread  -lapr-1 -lpthread  -lintl -liconv conftest.c -lconfuse  -lpthread  >&5
ld: library not found for -lintl
clang: error: linker command failed with exit code 1 (use -v to see invocation)
configure:13250: $? = 1
configure: failed program was:
| /* confdefs.h */
| #define PACKAGE_NAME ""
| #define PACKAGE_TARNAME ""
| #define PACKAGE_VERSION ""
| #define PACKAGE_STRING ""
| #define PACKAGE_BUGREPORT ""
| #define PACKAGE_URL ""
| #define PACKAGE "ganglia"
| #define VERSION "3.6.1"
| #define GANGLIA_MAJOR_VERSION 3
| #define GANGLIA_MINOR_VERSION 6
| #define GANGLIA_MICRO_VERSION 1
| #define REL 1
| #define GANGLIA_VERSION_FULL "3.6.1-1"
| #define HOST_OS "darwin14.0.0"
| #define CPU_VENDOR_OS "x86_64-apple-darwin14.0.0"
| #define STDC_HEADERS 1
| #define HAVE_SYS_TYPES_H 1
| #define HAVE_SYS_STAT_H 1
| #define HAVE_STDLIB_H 1
| #define HAVE_STRING_H 1
| #define HAVE_MEMORY_H 1
| #define HAVE_STRINGS_H 1
| #define HAVE_INTTYPES_H 1
| #define HAVE_STDINT_H 1
| #define HAVE_UNISTD_H 1
| #define HAVE_DLFCN_H 1
| #define LT_OBJDIR ".libs/"
| #define SUPPORT_GEXEC 0
| #define NO_SETUID 0
| #define SETUID_USER "nobody"
| #define NO_SETGID 1
| #define SETGID_GROUP "daemon"
| #define HAVE_LIBPTHREAD 1
| /* end confdefs.h.  */
| 
| /* Override any GCC internal prototype to avoid an error.
|    Use char because int might match the return type of a GCC
|    builtin and then its argument prototype would still apply.  */
| #ifdef __cplusplus
| extern "C"
| #endif
| char cfg_parse ();
| int
| main ()
| {
| return cfg_parse ();
|   ;
|   return 0;
| }
configure:13259: result: no

## ---------------- ##
## Cache variables. ##
## ---------------- ##

ac_cv_build=x86_64-apple-darwin14.0.0
ac_cv_c_compiler_gnu=yes
ac_cv_env_APR_CFLAGS_set=
ac_cv_env_APR_CFLAGS_value=
ac_cv_env_APR_LIBS_set=
ac_cv_env_APR_LIBS_value=
ac_cv_env_CC_set=
ac_cv_env_CC_value=
ac_cv_env_CFLAGS_set=
ac_cv_env_CFLAGS_value=
ac_cv_env_CPPFLAGS_set=
ac_cv_env_CPPFLAGS_value=
ac_cv_env_CPP_set=
ac_cv_env_CPP_value=
ac_cv_env_DEPS_CFLAGS_set=
ac_cv_env_DEPS_CFLAGS_value=
ac_cv_env_DEPS_LIBS_set=
ac_cv_env_DEPS_LIBS_value=
ac_cv_env_LDFLAGS_set=
ac_cv_env_LDFLAGS_value=
ac_cv_env_LIBS_set=
ac_cv_env_LIBS_value=
ac_cv_env_PKG_CONFIG_LIBDIR_set=
ac_cv_env_PKG_CONFIG_LIBDIR_value=
ac_cv_env_PKG_CONFIG_PATH_set=
ac_cv_env_PKG_CONFIG_PATH_value=
ac_cv_env_PKG_CONFIG_set=
ac_cv_env_PKG_CONFIG_value=
ac_cv_env_build_alias_set=
ac_cv_env_build_alias_value=
ac_cv_env_host_alias_set=
ac_cv_env_host_alias_value=
ac_cv_env_target_alias_set=
ac_cv_env_target_alias_value=
ac_cv_header_dlfcn_h=yes
ac_cv_header_inttypes_h=yes
ac_cv_header_memory_h=yes
ac_cv_header_stdc=yes
ac_cv_header_stdint_h=yes
ac_cv_header_stdlib_h=yes
ac_cv_header_string_h=yes
ac_cv_header_strings_h=yes
ac_cv_header_sys_stat_h=yes
ac_cv_header_sys_types_h=yes
ac_cv_header_unistd_h=yes
ac_cv_host=x86_64-apple-darwin14.0.0
ac_cv_lib_confuse_cfg_parse=no
ac_cv_lib_pthread_pthread_create=yes
ac_cv_lib_pthreads_pthread_create=no
ac_cv_objext=o
ac_cv_path_EGREP='/usr/bin/grep -E'
ac_cv_path_FGREP='/usr/bin/grep -F'
ac_cv_path_GREP=/usr/bin/grep
ac_cv_path_PYTHON_BIN=/usr/bin/python
ac_cv_path_SED=/usr/bin/sed
ac_cv_path_ac_pt_PKG_CONFIG=/usr/local/bin/pkg-config
ac_cv_path_install='/usr/bin/install -c'
ac_cv_prog_AWK=awk
ac_cv_prog_CPP='gcc -E'
ac_cv_prog_ac_ct_AR=ar
ac_cv_prog_ac_ct_CC=gcc
ac_cv_prog_ac_ct_DSYMUTIL=dsymutil
ac_cv_prog_ac_ct_LIPO=lipo
ac_cv_prog_ac_ct_NMEDIT=nmedit
ac_cv_prog_ac_ct_OTOOL=otool
ac_cv_prog_ac_ct_RANLIB=ranlib
ac_cv_prog_ac_ct_STRIP=strip
ac_cv_prog_cc_c89=
ac_cv_prog_cc_c99=
ac_cv_prog_cc_g=yes
ac_cv_prog_cc_stdc=
ac_cv_prog_make_make_set=yes
am_cv_CC_dependencies_compiler_type=gcc3
lt_cv_apple_cc_single_mod=yes
lt_cv_ar_at_file=no
lt_cv_deplibs_check_method=pass_all
lt_cv_file_magic_cmd='$MAGIC_CMD'
lt_cv_file_magic_test_file=
lt_cv_ld_exported_symbols_list=yes
lt_cv_ld_force_load=yes
lt_cv_ld_reload_flag=-r
lt_cv_nm_interface='BSD nm'
lt_cv_objdir=.libs
lt_cv_path_LD=/Library/Developer/CommandLineTools/usr/bin/ld
lt_cv_path_NM=/usr/bin/nm
lt_cv_path_mainfest_tool=no
lt_cv_prog_compiler_c_o=yes
lt_cv_prog_compiler_pic='-fno-common -DPIC'
lt_cv_prog_compiler_pic_works=yes
lt_cv_prog_compiler_rtti_exceptions=yes
lt_cv_prog_compiler_static_works=no
lt_cv_prog_gnu_ld=no
lt_cv_sharedlib_from_linklib_cmd='printf %s\n'
lt_cv_sys_global_symbol_pipe='sed -n -e '\''s/^.*[	 ]\([BCDEGRST][BCDEGRST]*\)[	 ][	 ]*_\([_A-Za-z][_A-Za-z0-9]*\)$/\1 _\2 \2/p'\'' | sed '\''/ __gnu_lto/d'\'''
lt_cv_sys_global_symbol_to_c_name_address='sed -n -e '\''s/^: \([^ ]*\)[ ]*$/  {\"\1\", (void *) 0},/p'\'' -e '\''s/^[BCDEGRST]* \([^ ]*\) \([^ ]*\)$/  {"\2", (void *) \&\2},/p'\'''
lt_cv_sys_global_symbol_to_c_name_address_lib_prefix='sed -n -e '\''s/^: \([^ ]*\)[ ]*$/  {\"\1\", (void *) 0},/p'\'' -e '\''s/^[BCDEGRST]* \([^ ]*\) \(lib[^ ]*\)$/  {"\2", (void *) \&\2},/p'\'' -e '\''s/^[BCDEGRST]* \([^ ]*\) \([^ ]*\)$/  {"lib\2", (void *) \&\2},/p'\'''
lt_cv_sys_global_symbol_to_cdecl='sed -n -e '\''s/^T .* \(.*\)$/extern int \1();/p'\'' -e '\''s/^[BCDEGRST]* .* \(.*\)$/extern char \1;/p'\'''
lt_cv_sys_max_cmd_len=196608
lt_cv_to_host_file_cmd=func_convert_file_noop
lt_cv_to_tool_file_cmd=func_convert_file_noop
pkg_cv_APR_CFLAGS='-DDARWIN -DSIGPROCMASK_SETS_THREAD_MASK -DDARWIN_10 -I/usr/include/apr-1 '
pkg_cv_APR_LIBS='-lapr-1 -lpthread '

## ----------------- ##
## Output variables. ##
## ----------------- ##

ACLOCAL='${SHELL} /Users/paul/Repos/ganglia/ganglia/ganglia-3.6.1/build/missing --run aclocal-1.11'
AMDEPBACKSLASH='\'
AMDEP_FALSE='#'
AMDEP_TRUE=''
AMTAR='$${TAR-tar}'
APR_CFLAGS='-DDARWIN -DSIGPROCMASK_SETS_THREAD_MASK -DDARWIN_10 -I/usr/include/apr-1 '
APR_INCLUDES='-DDARWIN -DSIGPROCMASK_SETS_THREAD_MASK -DDARWIN_10 -I/usr/include/apr-1 '
APR_LIBS='-lapr-1 -lpthread '
AR='ar'
AUTOCONF='${SHELL} /Users/paul/Repos/ganglia/ganglia/ganglia-3.6.1/build/missing --run autoconf'
AUTOHEADER='${SHELL} /Users/paul/Repos/ganglia/ganglia/ganglia-3.6.1/build/missing --run autoheader'
AUTOMAKE='${SHELL} /Users/paul/Repos/ganglia/ganglia/ganglia-3.6.1/build/missing --run automake-1.11'
AWK='awk'
BUILD_GMETAD_FALSE=''
BUILD_GMETAD_TRUE='#'
BUILD_PERL_FALSE=''
BUILD_PERL_TRUE='#'
BUILD_PHP_FALSE=''
BUILD_PHP_TRUE='#'
BUILD_PYTHON_FALSE='#'
BUILD_PYTHON_TRUE=''
BUILD_SFLOW_FALSE='#'
BUILD_SFLOW_TRUE=''
BUILD_STATUS_FALSE=''
BUILD_STATUS_TRUE='#'
CC='gcc'
CCDEPMODE='depmode=gcc3'
CFLAGS='-g -O2'
CPP='gcc -E'
CPPFLAGS=''
CYGPATH_W='echo'
DEFS=''
DEPDIR='.deps'
DEPS_CFLAGS=''
DEPS_LIBS=''
DLLTOOL='false'
DSYMUTIL='dsymutil'
DUMPBIN=''
ECHO_C='\c'
ECHO_N=''
ECHO_T=''
EGREP='/usr/bin/grep -E'
EXEEXT=''
EXPORT_SYMBOLS=''
EXPORT_SYMBOLS_DYNAMIC=''
FGREP='/usr/bin/grep -F'
GANGLIA_MAJOR_VERSION='3'
GANGLIA_MICRO_VERSION='1'
GANGLIA_MINOR_VERSION='6'
GANGLIA_VERSION='3.6.1'
GREP='/usr/bin/grep'
GWEB_VERSION='3.6.1'
HAVE_SYSTEMD_FALSE=''
HAVE_SYSTEMD_TRUE=''
INSTALL_DATA='${INSTALL} -m 644'
INSTALL_PROGRAM='${INSTALL}'
INSTALL_SCRIPT='${INSTALL}'
INSTALL_STRIP_PROGRAM='$(install_sh) -c -s'
LD='/Library/Developer/CommandLineTools/usr/bin/ld'
LDFLAGS='-lpthread  -lapr-1 -lpthread  -lintl -liconv'
LIBGANGLIA_BINARY_AGE='0'
LIBGANGLIA_INTERFACE_AGE='0'
LIBOBJS=''
LIBS='-lpthread '
LIBTOOL='$(SHELL) $(top_builddir)/libtool'
LIPO='lipo'
LN_S='ln -s'
LTLIBOBJS=''
LT_AGE='0'
LT_CURRENT='0'
LT_RELEASE='3.6.1'
LT_REVISION='0'
MAKEINFO='${SHELL} /Users/paul/Repos/ganglia/ganglia/ganglia-3.6.1/build/missing --run makeinfo'
MANIFEST_TOOL=':'
MKDIR_P='build/install-sh -c -d'
NM='/usr/bin/nm'
NMEDIT='nmedit'
OBJDUMP='false'
OBJEXT='o'
OTOOL64=':'
OTOOL='otool'
PACKAGE='ganglia'
PACKAGE_BUGREPORT=''
PACKAGE_NAME=''
PACKAGE_STRING=''
PACKAGE_TARNAME=''
PACKAGE_URL=''
PACKAGE_VERSION=''
PATH_SEPARATOR=':'
PERL_BIN=''
PERL_CFLAGS=''
PERL_INCLUDES=''
PERL_LDFLAGS=''
PHP_CONFIG_BIN=''
PHP_INCLUDES=''
PHP_VERSION=''
PKG_CONFIG='/usr/local/bin/pkg-config'
PKG_CONFIG_LIBDIR=''
PKG_CONFIG_PATH=''
PYTHON_BIN='/usr/bin/python'
PYTHON_INCLUDES='-I/System/Library/Frameworks/Python.framework/Versions/2.7/include/python2.7'
PYTHON_VERSION='2.7'
RANLIB='ranlib'
REL='1'
SED='/usr/bin/sed'
SET_MAKE=''
SHELL='/bin/sh'
STATIC_BUILD_FALSE=''
STATIC_BUILD_TRUE='#'
STATIC_USER_MODULES=''
STRIP='strip'
VERSION='3.6.1'
ac_ct_AR='ar'
ac_ct_CC='gcc'
ac_ct_DUMPBIN=''
am__EXEEXT_FALSE=''
am__EXEEXT_TRUE=''
am__fastdepCC_FALSE='#'
am__fastdepCC_TRUE=''
am__include='include'
am__isrc=''
am__leading_dot='.'
am__nodep='_no'
am__quote=''
am__tar='$${TAR-tar} chof - "$$tardir"'
am__untar='$${TAR-tar} xf -'
bindir='${exec_prefix}/bin'
build='x86_64-apple-darwin14.0.0'
build_alias=''
build_cpu='x86_64'
build_os='darwin14.0.0'
build_vendor='apple'
datadir='${datarootdir}'
datarootdir='${prefix}/share'
docdir='${datarootdir}/doc/${PACKAGE}'
dvidir='${docdir}'
exec_prefix='NONE'
gsysconfdir=''
host='x86_64-apple-darwin14.0.0'
host_alias=''
host_cpu='x86_64'
host_os='darwin14.0.0'
host_vendor='apple'
htmldir='${docdir}'
includedir='${prefix}/include'
infodir='${datarootdir}/info'
install_sh='${SHELL} /Users/paul/Repos/ganglia/ganglia/ganglia-3.6.1/build/install-sh'
libdir='${exec_prefix}/lib'
libexecdir='${exec_prefix}/libexec'
localedir='${datarootdir}/locale'
localstatedir='${prefix}/var'
mandir='${datarootdir}/man'
mkdir_p='$(top_builddir)/build/install-sh -c -d'
modpathstart=''
moduledir='${exec_prefix}/lib/ganglia'
oldincludedir='/usr/include'
pdfdir='${docdir}'
prefix='NONE'
program_transform_name='s,x,x,'
psdir='${docdir}'
sbindir='${exec_prefix}/sbin'
setgid_group='daemon'
setuid_user='nobody'
sharedstatedir='${prefix}/com'
sysconfdir='${prefix}/etc'
systemdsystemunitdir=''
target_alias=''
varstatedir=''

## ----------- ##
## confdefs.h. ##
## ----------- ##

/* confdefs.h */
#define PACKAGE_NAME ""
#define PACKAGE_TARNAME ""
#define PACKAGE_VERSION ""
#define PACKAGE_STRING ""
#define PACKAGE_BUGREPORT ""
#define PACKAGE_URL ""
#define PACKAGE "ganglia"
#define VERSION "3.6.1"
#define GANGLIA_MAJOR_VERSION 3
#define GANGLIA_MINOR_VERSION 6
#define GANGLIA_MICRO_VERSION 1
#define REL 1
#define GANGLIA_VERSION_FULL "3.6.1-1"
#define HOST_OS "darwin14.0.0"
#define CPU_VENDOR_OS "x86_64-apple-darwin14.0.0"
#define STDC_HEADERS 1
#define HAVE_SYS_TYPES_H 1
#define HAVE_SYS_STAT_H 1
#define HAVE_STDLIB_H 1
#define HAVE_STRING_H 1
#define HAVE_MEMORY_H 1
#define HAVE_STRINGS_H 1
#define HAVE_INTTYPES_H 1
#define HAVE_STDINT_H 1
#define HAVE_UNISTD_H 1
#define HAVE_DLFCN_H 1
#define LT_OBJDIR ".libs/"
#define SUPPORT_GEXEC 0
#define NO_SETUID 0
#define SETUID_USER "nobody"
#define NO_SETGID 1
#define SETGID_GROUP "daemon"
#define HAVE_LIBPTHREAD 1

configure: exit 1
